<?xml version="1.0" encoding="UTF-8"?>
<testsuite name="views.ranch.RanchPanelsManagerTest" tests="4" skipped="0" failures="4" errors="0" timestamp="2025-09-28T19:52:30" hostname="Kriss-Air.lan" time="0.869">
  <properties/>
  <testcase name="showPanel_hidesOthers_showsTarget_toFront_andSetsScrollFocus_forListPanel()" classname="views.ranch.RanchPanelsManagerTest" time="0.833">
    <failure message="java.lang.StackOverflowError" type="java.lang.StackOverflowError">java.lang.StackOverflowError
	at com.badlogic.gdx.scenes.scene2d.ui.Cell.&lt;init&gt;(Cell.java:46)
	at com.badlogic.gdx.scenes.scene2d.ui.Cell.defaults(Cell.java:994)
	at com.badlogic.gdx.scenes.scene2d.ui.Cell.&lt;init&gt;(Cell.java:46)
	at com.badlogic.gdx.scenes.scene2d.ui.Cell.defaults(Cell.java:994)
	at com.badlogic.gdx.scenes.scene2d.ui.Cell.&lt;init&gt;(Cell.java:46)
	at com.badlogic.gdx.scenes.scene2d.ui.Cell.defaults(Cell.java:994)
	at com.badlogic.gdx.scenes.scene2d.ui.Cell.&lt;init&gt;(Cell.java:46)
	at com.badlogic.gdx.scenes.scene2d.ui.Cell.defaults(Cell.java:994)
	at com.badlogic.gdx.scenes.scene2d.ui.Cell.&lt;init&gt;(Cell.java:46)
	at com.badlogic.gdx.scenes.scene2d.ui.Cell.defaults(Cell.java:994)
	at com.badlogic.gdx.scenes.scene2d.ui.Cell.&lt;init&gt;(Cell.java:46)
	at com.badlogic.gdx.scenes.scene2d.ui.Cell.defaults(Cell.java:994)
	at com.badlogic.gdx.scenes.scene2d.ui.Cell.&lt;init&gt;(Cell.java:46)
	at com.badlogic.gdx.scenes.scene2d.ui.Cell.defaults(Cell.java:994)
	at com.badlogic.gdx.scenes.scene2d.ui.Cell.&lt;init&gt;(Cell.java:46)
	at com.badlogic.gdx.scenes.scene2d.ui.Cell.defaults(Cell.java:994)
	at com.badlogic.gdx.scenes.scene2d.ui.Cell.&lt;init&gt;(Cell.java:46)
	at com.badlogic.gdx.scenes.scene2d.ui.Cell.defaults(Cell.java:994)
	at com.badlogic.gdx.scenes.scene2d.ui.Cell.&lt;init&gt;(Cell.java:46)
	at com.badlogic.gdx.scenes.scene2d.ui.Cell.defaults(Cell.java:994)
	at com.badlogic.gdx.scenes.scene2d.ui.Cell.&lt;init&gt;(Cell.java:46)
	at com.badlogic.gdx.scenes.scene2d.ui.Cell.defaults(Cell.java:994)
	at com.badlogic.gdx.scenes.scene2d.ui.Cell.&lt;init&gt;(Cell.java:46)
	at com.badlogic.gdx.scenes.scene2d.ui.Cell.defaults(Cell.java:994)
	at com.badlogic.gdx.scenes.scene2d.ui.Cell.&lt;init&gt;(Cell.java:46)
	at com.badlogic.gdx.scenes.scene2d.ui.Cell.defaults(Cell.java:994)
	at com.badlogic.gdx.scenes.scene2d.ui.Cell.&lt;init&gt;(Cell.java:46)
	at com.badlogic.gdx.scenes.scene2d.ui.Cell.defaults(Cell.java:994)
	at com.badlogic.gdx.scenes.scene2d.ui.Cell.&lt;init&gt;(Cell.java:46)
	at com.badlogic.gdx.scenes.scene2d.ui.Cell.defaults(Cell.java:994)
	at com.badlogic.gdx.scenes.scene2d.ui.Cell.&lt;init&gt;(Cell.java:46)
	at com.badlogic.gdx.scenes.scene2d.ui.Cell.defaults(Cell.java:994)
	at com.badlogic.gdx.scenes.scene2d.ui.Cell.&lt;init&gt;(Cell.java:46)
	at com.badlogic.gdx.scenes.scene2d.ui.Cell.defaults(Cell.java:994)
	at com.badlogic.gdx.scenes.scene2d.ui.Cell.&lt;init&gt;(Cell.java:46)
	at com.badlogic.gdx.scenes.scene2d.ui.Cell.defaults(Cell.java:994)
	at com.badlogic.gdx.scenes.scene2d.ui.Cell.&lt;init&gt;(Cell.java:46)
	at com.badlogic.gdx.scenes.scene2d.ui.Cell.defaults(Cell.java:994)
	at com.badlogic.gdx.scenes.scene2d.ui.Cell.&lt;init&gt;(Cell.java:46)
	at com.badlogic.gdx.scenes.scene2d.ui.Cell.defaults(Cell.java:994)
	at com.badlogic.gdx.scenes.scene2d.ui.Cell.&lt;init&gt;(Cell.java:46)
	at com.badlogic.gdx.scenes.scene2d.ui.Cell.defaults(Cell.java:994)
	at com.badlogic.gdx.scenes.scene2d.ui.Cell.&lt;init&gt;(Cell.java:46)
	at com.badlogic.gdx.scenes.scene2d.ui.Cell.defaults(Cell.java:994)
	at com.badlogic.gdx.scenes.scene2d.ui.Cell.&lt;init&gt;(Cell.java:46)
	at com.badlogic.gdx.scenes.scene2d.ui.Cell.defaults(Cell.java:994)
	at com.badlogic.gdx.scenes.scene2d.ui.Cell.&lt;init&gt;(Cell.java:46)
	at com.badlogic.gdx.scenes.scene2d.ui.Cell.defaults(Cell.java:994)
	at com.badlogic.gdx.scenes.scene2d.ui.Cell.&lt;init&gt;(Cell.java:46)
	at com.badlogic.gdx.scenes.scene2d.ui.Cell.defaults(Cell.java:994)
	at com.badlogic.gdx.scenes.scene2d.ui.Cell.&lt;init&gt;(Cell.java:46)
	at com.badlogic.gdx.scenes.scene2d.ui.Cell.defaults(Cell.java:994)
	at com.badlogic.gdx.scenes.scene2d.ui.Cell.&lt;init&gt;(Cell.java:46)
	at com.badlogic.gdx.scenes.scene2d.ui.Cell.defaults(Cell.java:994)
	at com.badlogic.gdx.scenes.scene2d.ui.Cell.&lt;init&gt;(Cell.java:46)
	at com.badlogic.gdx.scenes.scene2d.ui.Cell.defaults(Cell.java:994)
	at com.badlogic.gdx.scenes.scene2d.ui.Cell.&lt;init&gt;(Cell.java:46)
	at com.badlogic.gdx.scenes.scene2d.ui.Cell.defaults(Cell.java:994)
	at com.badlogic.gdx.scenes.scene2d.ui.Cell.&lt;init&gt;(Cell.java:46)
	at com.badlogic.gdx.scenes.scene2d.ui.Cell.defaults(Cell.java:994)
	at com.badlogic.gdx.scenes.scene2d.ui.Cell.&lt;init&gt;(Cell.java:46)
	at com.badlogic.gdx.scenes.scene2d.ui.Cell.defaults(Cell.java:994)
	at com.badlogic.gdx.scenes.scene2d.ui.Cell.&lt;init&gt;(Cell.java:46)
	at com.badlogic.gdx.scenes.scene2d.ui.Cell.defaults(Cell.java:994)
	at com.badlogic.gdx.scenes.scene2d.ui.Cell.&lt;init&gt;(Cell.java:46)
	at com.badlogic.gdx.scenes.scene2d.ui.Cell.defaults(Cell.java:994)
	at com.badlogic.gdx.scenes.scene2d.ui.Cell.&lt;init&gt;(Cell.java:46)
	at com.badlogic.gdx.scenes.scene2d.ui.Cell.defaults(Cell.java:994)
	at com.badlogic.gdx.scenes.scene2d.ui.Cell.&lt;init&gt;(Cell.java:46)
	at com.badlogic.gdx.scenes.scene2d.ui.Cell.defaults(Cell.java:994)
	at com.badlogic.gdx.scenes.scene2d.ui.Cell.&lt;init&gt;(Cell.java:46)
	at com.badlogic.gdx.scenes.scene2d.ui.Cell.defaults(Cell.java:994)
	at com.badlogic.gdx.scenes.scene2d.ui.Cell.&lt;init&gt;(Cell.java:46)
	at com.badlogic.gdx.scenes.scene2d.ui.Cell.defaults(Cell.java:994)
	at com.badlogic.gdx.scenes.scene2d.ui.Cell.&lt;init&gt;(Cell.java:46)
	at com.badlogic.gdx.scenes.scene2d.ui.Cell.defaults(Cell.java:994)
	at com.badlogic.gdx.scenes.scene2d.ui.Cell.&lt;init&gt;(Cell.java:46)
	at com.badlogic.gdx.scenes.scene2d.ui.Cell.defaults(Cell.java:994)
	at com.badlogic.gdx.scenes.scene2d.ui.Cell.&lt;init&gt;(Cell.java:46)
	at com.badlogic.gdx.scenes.scene2d.ui.Cell.defaults(Cell.java:994)
	at com.badlogic.gdx.scenes.scene2d.ui.Cell.&lt;init&gt;(Cell.java:46)
	at com.badlogic.gdx.scenes.scene2d.ui.Cell.defaults(Cell.java:994)
	at com.badlogic.gdx.scenes.scene2d.ui.Cell.&lt;init&gt;(Cell.java:46)
	at com.badlogic.gdx.scenes.scene2d.ui.Cell.defaults(Cell.java:994)
	at com.badlogic.gdx.scenes.scene2d.ui.Cell.&lt;init&gt;(Cell.java:46)
	at com.badlogic.gdx.scenes.scene2d.ui.Cell.defaults(Cell.java:994)
	at com.badlogic.gdx.scenes.scene2d.ui.Cell.&lt;init&gt;(Cell.java:46)
	at com.badlogic.gdx.scenes.scene2d.ui.Cell.defaults(Cell.java:994)
	at com.badlogic.gdx.scenes.scene2d.ui.Cell.&lt;init&gt;(Cell.java:46)
	at com.badlogic.gdx.scenes.scene2d.ui.Cell.defaults(Cell.java:994)
	at com.badlogic.gdx.scenes.scene2d.ui.Cell.&lt;init&gt;(Cell.java:46)
	at com.badlogic.gdx.scenes.scene2d.ui.Cell.defaults(Cell.java:994)
	at com.badlogic.gdx.scenes.scene2d.ui.Cell.&lt;init&gt;(Cell.java:46)
	at com.badlogic.gdx.scenes.scene2d.ui.Cell.defaults(Cell.java:994)
	at com.badlogic.gdx.scenes.scene2d.ui.Cell.&lt;init&gt;(Cell.java:46)
	at com.badlogic.gdx.scenes.scene2d.ui.Cell.defaults(Cell.java:994)
	at com.badlogic.gdx.scenes.scene2d.ui.Cell.&lt;init&gt;(Cell.java:46)
	at com.badlogic.gdx.scenes.scene2d.ui.Cell.defaults(Cell.java:994)
	at com.badlogic.gdx.scenes.scene2d.ui.Cell.&lt;init&gt;(Cell.java:46)
	at com.badlogic.gdx.scenes.scene2d.ui.Cell.defaults(Cell.java:994)
	at com.badlogic.gdx.scenes.scene2d.ui.Cell.&lt;init&gt;(Cell.java:46)
	at com.badlogic.gdx.scenes.scene2d.ui.Cell.defaults(Cell.java:994)
	at com.badlogic.gdx.scenes.scene2d.ui.Cell.&lt;init&gt;(Cell.java:46)
	at com.badlogic.gdx.scenes.scene2d.ui.Cell.defaults(Cell.java:994)
	at com.badlogic.gdx.scenes.scene2d.ui.Cell.&lt;init&gt;(Cell.java:46)
	at com.badlogic.gdx.scenes.scene2d.ui.Cell.defaults(Cell.java:994)
	at com.badlogic.gdx.scenes.scene2d.ui.Cell.&lt;init&gt;(Cell.java:46)
	at com.badlogic.gdx.scenes.scene2d.ui.Cell.defaults(Cell.java:994)
	at com.badlogic.gdx.scenes.scene2d.ui.Cell.&lt;init&gt;(Cell.java:46)
	at com.badlogic.gdx.scenes.scene2d.ui.Cell.defaults(Cell.java:994)
	at com.badlogic.gdx.scenes.scene2d.ui.Cell.&lt;init&gt;(Cell.java:46)
	at com.badlogic.gdx.scenes.scene2d.ui.Cell.defaults(Cell.java:994)
	at com.badlogic.gdx.scenes.scene2d.ui.Cell.&lt;init&gt;(Cell.java:46)
	at com.badlogic.gdx.scenes.scene2d.ui.Cell.defaults(Cell.java:994)
	at com.badlogic.gdx.scenes.scene2d.ui.Cell.&lt;init&gt;(Cell.java:46)
	at com.badlogic.gdx.scenes.scene2d.ui.Cell.defaults(Cell.java:994)
	at com.badlogic.gdx.scenes.scene2d.ui.Cell.&lt;init&gt;(Cell.java:46)
	at com.badlogic.gdx.scenes.scene2d.ui.Cell.defaults(Cell.java:994)
	at com.badlogic.gdx.scenes.scene2d.ui.Cell.&lt;init&gt;(Cell.java:46)
	at com.badlogic.gdx.scenes.scene2d.ui.Cell.defaults(Cell.java:994)
	at com.badlogic.gdx.scenes.scene2d.ui.Cell.&lt;init&gt;(Cell.java:46)
	at com.badlogic.gdx.scenes.scene2d.ui.Cell.defaults(Cell.java:994)
	at com.badlogic.gdx.scenes.scene2d.ui.Cell.&lt;init&gt;(Cell.java:46)
	at com.badlogic.gdx.scenes.scene2d.ui.Cell.defaults(Cell.java:994)
	at com.badlogic.gdx.scenes.scene2d.ui.Cell.&lt;init&gt;(Cell.java:46)
	at com.badlogic.gdx.scenes.scene2d.ui.Cell.defaults(Cell.java:994)
	at com.badlogic.gdx.scenes.scene2d.ui.Cell.&lt;init&gt;(Cell.java:46)
	at com.badlogic.gdx.scenes.scene2d.ui.Cell.defaults(Cell.java:994)
	at com.badlogic.gdx.scenes.scene2d.ui.Cell.&lt;init&gt;(Cell.java:46)
	at com.badlogic.gdx.scenes.scene2d.ui.Cell.defaults(Cell.java:994)
	at com.badlogic.gdx.scenes.scene2d.ui.Cell.&lt;init&gt;(Cell.java:46)
	at com.badlogic.gdx.scenes.scene2d.ui.Cell.defaults(Cell.java:994)
	at com.badlogic.gdx.scenes.scene2d.ui.Cell.&lt;init&gt;(Cell.java:46)
	at com.badlogic.gdx.scenes.scene2d.ui.Cell.defaults(Cell.java:994)
	at com.badlogic.gdx.scenes.scene2d.ui.Cell.&lt;init&gt;(Cell.java:46)
	at com.badlogic.gdx.scenes.scene2d.ui.Cell.defaults(Cell.java:994)
	at com.badlogic.gdx.scenes.scene2d.ui.Cell.&lt;init&gt;(Cell.java:46)
	at com.badlogic.gdx.scenes.scene2d.ui.Cell.defaults(Cell.java:994)
	at com.badlogic.gdx.scenes.scene2d.ui.Cell.&lt;init&gt;(Cell.java:46)
	at com.badlogic.gdx.scenes.scene2d.ui.Cell.defaults(Cell.java:994)
	at com.badlogic.gdx.scenes.scene2d.ui.Cell.&lt;init&gt;(Cell.java:46)
	at com.badlogic.gdx.scenes.scene2d.ui.Cell.defaults(Cell.java:994)
	at com.badlogic.gdx.scenes.scene2d.ui.Cell.&lt;init&gt;(Cell.java:46)
	at com.badlogic.gdx.scenes.scene2d.ui.Cell.defaults(Cell.java:994)
	at com.badlogic.gdx.scenes.scene2d.ui.Cell.&lt;init&gt;(Cell.java:46)
	at com.badlogic.gdx.scenes.scene2d.ui.Cell.defaults(Cell.java:994)
	at com.badlogic.gdx.scenes.scene2d.ui.Cell.&lt;init&gt;(Cell.java:46)
	at com.badlogic.gdx.scenes.scene2d.ui.Cell.defaults(Cell.java:994)
	at com.badlogic.gdx.scenes.scene2d.ui.Cell.&lt;init&gt;(Cell.java:46)
	at com.badlogic.gdx.scenes.scene2d.ui.Cell.defaults(Cell.java:994)
	at com.badlogic.gdx.scenes.scene2d.ui.Cell.&lt;init&gt;(Cell.java:46)
	at com.badlogic.gdx.scenes.scene2d.ui.Cell.defaults(Cell.java:994)
	at com.badlogic.gdx.scenes.scene2d.ui.Cell.&lt;init&gt;(Cell.java:46)
	at com.badlogic.gdx.scenes.scene2d.ui.Cell.defaults(Cell.java:994)
	at com.badlogic.gdx.scenes.scene2d.ui.Cell.&lt;init&gt;(Cell.java:46)
	at com.badlogic.gdx.scenes.scene2d.ui.Cell.defaults(Cell.java:994)
	at com.badlogic.gdx.scenes.scene2d.ui.Cell.&lt;init&gt;(Cell.java:46)
	at com.badlogic.gdx.scenes.scene2d.ui.Cell.defaults(Cell.java:994)
	at com.badlogic.gdx.scenes.scene2d.ui.Cell.&lt;init&gt;(Cell.java:46)
	at com.badlogic.gdx.scenes.scene2d.ui.Cell.defaults(Cell.java:994)
	at com.badlogic.gdx.scenes.scene2d.ui.Cell.&lt;init&gt;(Cell.java:46)
	at com.badlogic.gdx.scenes.scene2d.ui.Cell.defaults(Cell.java:994)
	at com.badlogic.gdx.scenes.scene2d.ui.Cell.&lt;init&gt;(Cell.java:46)
	at com.badlogic.gdx.scenes.scene2d.ui.Cell.defaults(Cell.java:994)
	at com.badlogic.gdx.scenes.scene2d.ui.Cell.&lt;init&gt;(Cell.java:46)
	at com.badlogic.gdx.scenes.scene2d.ui.Cell.defaults(Cell.java:994)
	at com.badlogic.gdx.scenes.scene2d.ui.Cell.&lt;init&gt;(Cell.java:46)
	at com.badlogic.gdx.scenes.scene2d.ui.Cell.defaults(Cell.java:994)
	at com.badlogic.gdx.scenes.scene2d.ui.Cell.&lt;init&gt;(Cell.java:46)
	at com.badlogic.gdx.scenes.scene2d.ui.Cell.defaults(Cell.java:994)
	at com.badlogic.gdx.scenes.scene2d.ui.Cell.&lt;init&gt;(Cell.java:46)
	at com.badlogic.gdx.scenes.scene2d.ui.Cell.defaults(Cell.java:994)
	at com.badlogic.gdx.scenes.scene2d.ui.Cell.&lt;init&gt;(Cell.java:46)
	at com.badlogic.gdx.scenes.scene2d.ui.Cell.defaults(Cell.java:994)
	at com.badlogic.gdx.scenes.scene2d.ui.Cell.&lt;init&gt;(Cell.java:46)
	at com.badlogic.gdx.scenes.scene2d.ui.Cell.defaults(Cell.java:994)
	at com.badlogic.gdx.scenes.scene2d.ui.Cell.&lt;init&gt;(Cell.java:46)
	at com.badlogic.gdx.scenes.scene2d.ui.Cell.defaults(Cell.java:994)
	at com.badlogic.gdx.scenes.scene2d.ui.Cell.&lt;init&gt;(Cell.java:46)
	at com.badlogic.gdx.scenes.scene2d.ui.Cell.defaults(Cell.java:994)
	at com.badlogic.gdx.scenes.scene2d.ui.Cell.&lt;init&gt;(Cell.java:46)
	at com.badlogic.gdx.scenes.scene2d.ui.Cell.defaults(Cell.java:994)
	at com.badlogic.gdx.scenes.scene2d.ui.Cell.&lt;init&gt;(Cell.java:46)
	at com.badlogic.gdx.scenes.scene2d.ui.Cell.defaults(Cell.java:994)
	at com.badlogic.gdx.scenes.scene2d.ui.Cell.&lt;init&gt;(Cell.java:46)
	at com.badlogic.gdx.scenes.scene2d.ui.Cell.defaults(Cell.java:994)
	at com.badlogic.gdx.scenes.scene2d.ui.Cell.&lt;init&gt;(Cell.java:46)
	at com.badlogic.gdx.scenes.scene2d.ui.Cell.defaults(Cell.java:994)
	at com.badlogic.gdx.scenes.scene2d.ui.Cell.&lt;init&gt;(Cell.java:46)
	at com.badlogic.gdx.scenes.scene2d.ui.Cell.defaults(Cell.java:994)
	at com.badlogic.gdx.scenes.scene2d.ui.Cell.&lt;init&gt;(Cell.java:46)
	at com.badlogic.gdx.scenes.scene2d.ui.Cell.defaults(Cell.java:994)
	at com.badlogic.gdx.scenes.scene2d.ui.Cell.&lt;init&gt;(Cell.java:46)
	at com.badlogic.gdx.scenes.scene2d.ui.Cell.defaults(Cell.java:994)
	at com.badlogic.gdx.scenes.scene2d.ui.Cell.&lt;init&gt;(Cell.java:46)
	at com.badlogic.gdx.scenes.scene2d.ui.Cell.defaults(Cell.java:994)
	at com.badlogic.gdx.scenes.scene2d.ui.Cell.&lt;init&gt;(Cell.java:46)
	at com.badlogic.gdx.scenes.scene2d.ui.Cell.defaults(Cell.java:994)
	at com.badlogic.gdx.scenes.scene2d.ui.Cell.&lt;init&gt;(Cell.java:46)
	at com.badlogic.gdx.scenes.scene2d.ui.Cell.defaults(Cell.java:994)
	at com.badlogic.gdx.scenes.scene2d.ui.Cell.&lt;init&gt;(Cell.java:46)
	at com.badlogic.gdx.scenes.scene2d.ui.Cell.defaults(Cell.java:994)
	at com.badlogic.gdx.scenes.scene2d.ui.Cell.&lt;init&gt;(Cell.java:46)
	at com.badlogic.gdx.scenes.scene2d.ui.Cell.defaults(Cell.java:994)
	at com.badlogic.gdx.scenes.scene2d.ui.Cell.&lt;init&gt;(Cell.java:46)
	at com.badlogic.gdx.scenes.scene2d.ui.Cell.defaults(Cell.java:994)
	at com.badlogic.gdx.scenes.scene2d.ui.Cell.&lt;init&gt;(Cell.java:46)
	at com.badlogic.gdx.scenes.scene2d.ui.Cell.defaults(Cell.java:994)
	at com.badlogic.gdx.scenes.scene2d.ui.Cell.&lt;init&gt;(Cell.java:46)
	at com.badlogic.gdx.scenes.scene2d.ui.Cell.defaults(Cell.java:994)
	at com.badlogic.gdx.scenes.scene2d.ui.Cell.&lt;init&gt;(Cell.java:46)
	at com.badlogic.gdx.scenes.scene2d.ui.Cell.defaults(Cell.java:994)
	at com.badlogic.gdx.scenes.scene2d.ui.Cell.&lt;init&gt;(Cell.java:46)
	at com.badlogic.gdx.scenes.scene2d.ui.Cell.defaults(Cell.java:994)
	at com.badlogic.gdx.scenes.scene2d.ui.Cell.&lt;init&gt;(Cell.java:46)
	at com.badlogic.gdx.scenes.scene2d.ui.Cell.defaults(Cell.java:994)
	at com.badlogic.gdx.scenes.scene2d.ui.Cell.&lt;init&gt;(Cell.java:46)
	at com.badlogic.gdx.scenes.scene2d.ui.Cell.defaults(Cell.java:994)
	at com.badlogic.gdx.scenes.scene2d.ui.Cell.&lt;init&gt;(Cell.java:46)
	at com.badlogic.gdx.scenes.scene2d.ui.Cell.defaults(Cell.java:994)
	at com.badlogic.gdx.scenes.scene2d.ui.Cell.&lt;init&gt;(Cell.java:46)
	at com.badlogic.gdx.scenes.scene2d.ui.Cell.defaults(Cell.java:994)
	at com.badlogic.gdx.scenes.scene2d.ui.Cell.&lt;init&gt;(Cell.java:46)
	at com.badlogic.gdx.scenes.scene2d.ui.Cell.defaults(Cell.java:994)
	at com.badlogic.gdx.scenes.scene2d.ui.Cell.&lt;init&gt;(Cell.java:46)
	at com.badlogic.gdx.scenes.scene2d.ui.Cell.defaults(Cell.java:994)
	at com.badlogic.gdx.scenes.scene2d.ui.Cell.&lt;init&gt;(Cell.java:46)
	at com.badlogic.gdx.scenes.scene2d.ui.Cell.defaults(Cell.java:994)
	at com.badlogic.gdx.scenes.scene2d.ui.Cell.&lt;init&gt;(Cell.java:46)
	at com.badlogic.gdx.scenes.scene2d.ui.Cell.defaults(Cell.java:994)
	at com.badlogic.gdx.scenes.scene2d.ui.Cell.&lt;init&gt;(Cell.java:46)
	at com.badlogic.gdx.scenes.scene2d.ui.Cell.defaults(Cell.java:994)
	at com.badlogic.gdx.scenes.scene2d.ui.Cell.&lt;init&gt;(Cell.java:46)
	at com.badlogic.gdx.scenes.scene2d.ui.Cell.defaults(Cell.java:994)
	at com.badlogic.gdx.scenes.scene2d.ui.Cell.&lt;init&gt;(Cell.java:46)
	at com.badlogic.gdx.scenes.scene2d.ui.Cell.defaults(Cell.java:994)
	at com.badlogic.gdx.scenes.scene2d.ui.Cell.&lt;init&gt;(Cell.java:46)
	at com.badlogic.gdx.scenes.scene2d.ui.Cell.defaults(Cell.java:994)
	at com.badlogic.gdx.scenes.scene2d.ui.Cell.&lt;init&gt;(Cell.java:46)
	at com.badlogic.gdx.scenes.scene2d.ui.Cell.defaults(Cell.java:994)
	at com.badlogic.gdx.scenes.scene2d.ui.Cell.&lt;init&gt;(Cell.java:46)
	at com.badlogic.gdx.scenes.scene2d.ui.Cell.defaults(Cell.java:994)
	at com.badlogic.gdx.scenes.scene2d.ui.Cell.&lt;init&gt;(Cell.java:46)
	at com.badlogic.gdx.scenes.scene2d.ui.Cell.defaults(Cell.java:994)
	at com.badlogic.gdx.scenes.scene2d.ui.Cell.&lt;init&gt;(Cell.java:46)
	at com.badlogic.gdx.scenes.scene2d.ui.Cell.defaults(Cell.java:994)
	at com.badlogic.gdx.scenes.scene2d.ui.Cell.&lt;init&gt;(Cell.java:46)
	at com.badlogic.gdx.scenes.scene2d.ui.Cell.defaults(Cell.java:994)
	at com.badlogic.gdx.scenes.scene2d.ui.Cell.&lt;init&gt;(Cell.java:46)
	at com.badlogic.gdx.scenes.scene2d.ui.Cell.defaults(Cell.java:994)
	at com.badlogic.gdx.scenes.scene2d.ui.Cell.&lt;init&gt;(Cell.java:46)
	at com.badlogic.gdx.scenes.scene2d.ui.Cell.defaults(Cell.java:994)
	at com.badlogic.gdx.scenes.scene2d.ui.Cell.&lt;init&gt;(Cell.java:46)
	at com.badlogic.gdx.scenes.scene2d.ui.Cell.defaults(Cell.java:994)
	at com.badlogic.gdx.scenes.scene2d.ui.Cell.&lt;init&gt;(Cell.java:46)
	at com.badlogic.gdx.scenes.scene2d.ui.Cell.defaults(Cell.java:994)
	at com.badlogic.gdx.scenes.scene2d.ui.Cell.&lt;init&gt;(Cell.java:46)
	at com.badlogic.gdx.scenes.scene2d.ui.Cell.defaults(Cell.java:994)
	at com.badlogic.gdx.scenes.scene2d.ui.Cell.&lt;init&gt;(Cell.java:46)
	at com.badlogic.gdx.scenes.scene2d.ui.Cell.defaults(Cell.java:994)
	at com.badlogic.gdx.scenes.scene2d.ui.Cell.&lt;init&gt;(Cell.java:46)
	at com.badlogic.gdx.scenes.scene2d.ui.Cell.defaults(Cell.java:994)
	at com.badlogic.gdx.scenes.scene2d.ui.Cell.&lt;init&gt;(Cell.java:46)
	at com.badlogic.gdx.scenes.scene2d.ui.Cell.defaults(Cell.java:994)
	at com.badlogic.gdx.scenes.scene2d.ui.Cell.&lt;init&gt;(Cell.java:46)
	at com.badlogic.gdx.scenes.scene2d.ui.Cell.defaults(Cell.java:994)
	at com.badlogic.gdx.scenes.scene2d.ui.Cell.&lt;init&gt;(Cell.java:46)
	at com.badlogic.gdx.scenes.scene2d.ui.Cell.defaults(Cell.java:994)
	at com.badlogic.gdx.scenes.scene2d.ui.Cell.&lt;init&gt;(Cell.java:46)
	at com.badlogic.gdx.scenes.scene2d.ui.Cell.defaults(Cell.java:994)
	at com.badlogic.gdx.scenes.scene2d.ui.Cell.&lt;init&gt;(Cell.java:46)
	at com.badlogic.gdx.scenes.scene2d.ui.Cell.defaults(Cell.java:994)
	at com.badlogic.gdx.scenes.scene2d.ui.Cell.&lt;init&gt;(Cell.java:46)
	at com.badlogic.gdx.scenes.scene2d.ui.Cell.defaults(Cell.java:994)
	at com.badlogic.gdx.scenes.scene2d.ui.Cell.&lt;init&gt;(Cell.java:46)
	at com.badlogic.gdx.scenes.scene2d.ui.Cell.defaults(Cell.java:994)
	at com.badlogic.gdx.scenes.scene2d.ui.Cell.&lt;init&gt;(Cell.java:46)
	at com.badlogic.gdx.scenes.scene2d.ui.Cell.defaults(Cell.java:994)
	at com.badlogic.gdx.scenes.scene2d.ui.Cell.&lt;init&gt;(Cell.java:46)
	at com.badlogic.gdx.scenes.scene2d.ui.Cell.defaults(Cell.java:994)
	at com.badlogic.gdx.scenes.scene2d.ui.Cell.&lt;init&gt;(Cell.java:46)
	at com.badlogic.gdx.scenes.scene2d.ui.Cell.defaults(Cell.java:994)
	at com.badlogic.gdx.scenes.scene2d.ui.Cell.&lt;init&gt;(Cell.java:46)
	at com.badlogic.gdx.scenes.scene2d.ui.Cell.defaults(Cell.java:994)
	at com.badlogic.gdx.scenes.scene2d.ui.Cell.&lt;init&gt;(Cell.java:46)
	at com.badlogic.gdx.scenes.scene2d.ui.Cell.defaults(Cell.java:994)
	at com.badlogic.gdx.scenes.scene2d.ui.Cell.&lt;init&gt;(Cell.java:46)
	at com.badlogic.gdx.scenes.scene2d.ui.Cell.defaults(Cell.java:994)
	at com.badlogic.gdx.scenes.scene2d.ui.Cell.&lt;init&gt;(Cell.java:46)
	at com.badlogic.gdx.scenes.scene2d.ui.Cell.defaults(Cell.java:994)
	at com.badlogic.gdx.scenes.scene2d.ui.Cell.&lt;init&gt;(Cell.java:46)
	at com.badlogic.gdx.scenes.scene2d.ui.Cell.defaults(Cell.java:994)
	at com.badlogic.gdx.scenes.scene2d.ui.Cell.&lt;init&gt;(Cell.java:46)
	at com.badlogic.gdx.scenes.scene2d.ui.Cell.defaults(Cell.java:994)
	at com.badlogic.gdx.scenes.scene2d.ui.Cell.&lt;init&gt;(Cell.java:46)
	at com.badlogic.gdx.scenes.scene2d.ui.Cell.defaults(Cell.java:994)
	at com.badlogic.gdx.scenes.scene2d.ui.Cell.&lt;init&gt;(Cell.java:46)
	at com.badlogic.gdx.scenes.scene2d.ui.Cell.defaults(Cell.java:994)
	at com.badlogic.gdx.scenes.scene2d.ui.Cell.&lt;init&gt;(Cell.java:46)
	at com.badlogic.gdx.scenes.scene2d.ui.Cell.defaults(Cell.java:994)
	at com.badlogic.gdx.scenes.scene2d.ui.Cell.&lt;init&gt;(Cell.java:46)
	at com.badlogic.gdx.scenes.scene2d.ui.Cell.defaults(Cell.java:994)
	at com.badlogic.gdx.scenes.scene2d.ui.Cell.&lt;init&gt;(Cell.java:46)
	at com.badlogic.gdx.scenes.scene2d.ui.Cell.defaults(Cell.java:994)
	at com.badlogic.gdx.scenes.scene2d.ui.Cell.&lt;init&gt;(Cell.java:46)
	at com.badlogic.gdx.scenes.scene2d.ui.Cell.defaults(Cell.java:994)
	at com.badlogic.gdx.scenes.scene2d.ui.Cell.&lt;init&gt;(Cell.java:46)
	at com.badlogic.gdx.scenes.scene2d.ui.Cell.defaults(Cell.java:994)
	at com.badlogic.gdx.scenes.scene2d.ui.Cell.&lt;init&gt;(Cell.java:46)
	at com.badlogic.gdx.scenes.scene2d.ui.Cell.defaults(Cell.java:994)
	at com.badlogic.gdx.scenes.scene2d.ui.Cell.&lt;init&gt;(Cell.java:46)
	at com.badlogic.gdx.scenes.scene2d.ui.Cell.defaults(Cell.java:994)
	at com.badlogic.gdx.scenes.scene2d.ui.Cell.&lt;init&gt;(Cell.java:46)
	at com.badlogic.gdx.scenes.scene2d.ui.Cell.defaults(Cell.java:994)
	at com.badlogic.gdx.scenes.scene2d.ui.Cell.&lt;init&gt;(Cell.java:46)
	at com.badlogic.gdx.scenes.scene2d.ui.Cell.defaults(Cell.java:994)
	at com.badlogic.gdx.scenes.scene2d.ui.Cell.&lt;init&gt;(Cell.java:46)
	at com.badlogic.gdx.scenes.scene2d.ui.Cell.defaults(Cell.java:994)
	at com.badlogic.gdx.scenes.scene2d.ui.Cell.&lt;init&gt;(Cell.java:46)
	at com.badlogic.gdx.scenes.scene2d.ui.Cell.defaults(Cell.java:994)
	at com.badlogic.gdx.scenes.scene2d.ui.Cell.&lt;init&gt;(Cell.java:46)
	at com.badlogic.gdx.scenes.scene2d.ui.Cell.defaults(Cell.java:994)
	at com.badlogic.gdx.scenes.scene2d.ui.Cell.&lt;init&gt;(Cell.java:46)
	at com.badlogic.gdx.scenes.scene2d.ui.Cell.defaults(Cell.java:994)
	at com.badlogic.gdx.scenes.scene2d.ui.Cell.&lt;init&gt;(Cell.java:46)
	at com.badlogic.gdx.scenes.scene2d.ui.Cell.defaults(Cell.java:994)
	at com.badlogic.gdx.scenes.scene2d.ui.Cell.&lt;init&gt;(Cell.java:46)
	at com.badlogic.gdx.scenes.scene2d.ui.Cell.defaults(Cell.java:994)
	at com.badlogic.gdx.scenes.scene2d.ui.Cell.&lt;init&gt;(Cell.java:46)
	at com.badlogic.gdx.scenes.scene2d.ui.Cell.defaults(Cell.java:994)
	at com.badlogic.gdx.scenes.scene2d.ui.Cell.&lt;init&gt;(Cell.java:46)
	at com.badlogic.gdx.scenes.scene2d.ui.Cell.defaults(Cell.java:994)
	at com.badlogic.gdx.scenes.scene2d.ui.Cell.&lt;init&gt;(Cell.java:46)
	at com.badlogic.gdx.scenes.scene2d.ui.Cell.defaults(Cell.java:994)
	at com.badlogic.gdx.scenes.scene2d.ui.Cell.&lt;init&gt;(Cell.java:46)
	at com.badlogic.gdx.scenes.scene2d.ui.Cell.defaults(Cell.java:994)
	at com.badlogic.gdx.scenes.scene2d.ui.Cell.&lt;init&gt;(Cell.java:46)
	at com.badlogic.gdx.scenes.scene2d.ui.Cell.defaults(Cell.java:994)
	at com.badlogic.gdx.scenes.scene2d.ui.Cell.&lt;init&gt;(Cell.java:46)
	at com.badlogic.gdx.scenes.scene2d.ui.Cell.defaults(Cell.java:994)
	at com.badlogic.gdx.scenes.scene2d.ui.Cell.&lt;init&gt;(Cell.java:46)
	at com.badlogic.gdx.scenes.scene2d.ui.Cell.defaults(Cell.java:994)
	at com.badlogic.gdx.scenes.scene2d.ui.Cell.&lt;init&gt;(Cell.java:46)
	at com.badlogic.gdx.scenes.scene2d.ui.Cell.defaults(Cell.java:994)
	at com.badlogic.gdx.scenes.scene2d.ui.Cell.&lt;init&gt;(Cell.java:46)
	at com.badlogic.gdx.scenes.scene2d.ui.Cell.defaults(Cell.java:994)
	at com.badlogic.gdx.scenes.scene2d.ui.Cell.&lt;init&gt;(Cell.java:46)
	at com.badlogic.gdx.scenes.scene2d.ui.Cell.defaults(Cell.java:994)
	at com.badlogic.gdx.scenes.scene2d.ui.Cell.&lt;init&gt;(Cell.java:46)
	at com.badlogic.gdx.scenes.scene2d.ui.Cell.defaults(Cell.java:994)
	at com.badlogic.gdx.scenes.scene2d.ui.Cell.&lt;init&gt;(Cell.java:46)
	at com.badlogic.gdx.scenes.scene2d.ui.Cell.defaults(Cell.java:994)
	at com.badlogic.gdx.scenes.scene2d.ui.Cell.&lt;init&gt;(Cell.java:46)
	at com.badlogic.gdx.scenes.scene2d.ui.Cell.defaults(Cell.java:994)
	at com.badlogic.gdx.scenes.scene2d.ui.Cell.&lt;init&gt;(Cell.java:46)
	at com.badlogic.gdx.scenes.scene2d.ui.Cell.defaults(Cell.java:994)
	at com.badlogic.gdx.scenes.scene2d.ui.Cell.&lt;init&gt;(Cell.java:46)
	at com.badlogic.gdx.scenes.scene2d.ui.Cell.defaults(Cell.java:994)
	at com.badlogic.gdx.scenes.scene2d.ui.Cell.&lt;init&gt;(Cell.java:46)
	at com.badlogic.gdx.scenes.scene2d.ui.Cell.defaults(Cell.java:994)
	at com.badlogic.gdx.scenes.scene2d.ui.Cell.&lt;init&gt;(Cell.java:46)
	at com.badlogic.gdx.scenes.scene2d.ui.Cell.defaults(Cell.java:994)
	at com.badlogic.gdx.scenes.scene2d.ui.Cell.&lt;init&gt;(Cell.java:46)
	at com.badlogic.gdx.scenes.scene2d.ui.Cell.defaults(Cell.java:994)
	at com.badlogic.gdx.scenes.scene2d.ui.Cell.&lt;init&gt;(Cell.java:46)
	at com.badlogic.gdx.scenes.scene2d.ui.Cell.defaults(Cell.java:994)
	at com.badlogic.gdx.scenes.scene2d.ui.Cell.&lt;init&gt;(Cell.java:46)
	at com.badlogic.gdx.scenes.scene2d.ui.Cell.defaults(Cell.java:994)
	at com.badlogic.gdx.scenes.scene2d.ui.Cell.&lt;init&gt;(Cell.java:46)
	at com.badlogic.gdx.scenes.scene2d.ui.Cell.defaults(Cell.java:994)
	at com.badlogic.gdx.scenes.scene2d.ui.Cell.&lt;init&gt;(Cell.java:46)
	at com.badlogic.gdx.scenes.scene2d.ui.Cell.defaults(Cell.java:994)
	at com.badlogic.gdx.scenes.scene2d.ui.Cell.&lt;init&gt;(Cell.java:46)
	at com.badlogic.gdx.scenes.scene2d.ui.Cell.defaults(Cell.java:994)
	at com.badlogic.gdx.scenes.scene2d.ui.Cell.&lt;init&gt;(Cell.java:46)
	at com.badlogic.gdx.scenes.scene2d.ui.Cell.defaults(Cell.java:994)
	at com.badlogic.gdx.scenes.scene2d.ui.Cell.&lt;init&gt;(Cell.java:46)
	at com.badlogic.gdx.scenes.scene2d.ui.Cell.defaults(Cell.java:994)
	at com.badlogic.gdx.scenes.scene2d.ui.Cell.&lt;init&gt;(Cell.java:46)
	at com.badlogic.gdx.scenes.scene2d.ui.Cell.defaults(Cell.java:994)
	at com.badlogic.gdx.scenes.scene2d.ui.Cell.&lt;init&gt;(Cell.java:46)
	at com.badlogic.gdx.scenes.scene2d.ui.Cell.defaults(Cell.java:994)
	at com.badlogic.gdx.scenes.scene2d.ui.Cell.&lt;init&gt;(Cell.java:46)
	at com.badlogic.gdx.scenes.scene2d.ui.Cell.defaults(Cell.java:994)
	at com.badlogic.gdx.scenes.scene2d.ui.Cell.&lt;init&gt;(Cell.java:46)
	at com.badlogic.gdx.scenes.scene2d.ui.Cell.defaults(Cell.java:994)
	at com.badlogic.gdx.scenes.scene2d.ui.Cell.&lt;init&gt;(Cell.java:46)
	at com.badlogic.gdx.scenes.scene2d.ui.Cell.defaults(Cell.java:994)
	at com.badlogic.gdx.scenes.scene2d.ui.Cell.&lt;init&gt;(Cell.java:46)
	at com.badlogic.gdx.scenes.scene2d.ui.Cell.defaults(Cell.java:994)
	at com.badlogic.gdx.scenes.scene2d.ui.Cell.&lt;init&gt;(Cell.java:46)
	at com.badlogic.gdx.scenes.scene2d.ui.Cell.defaults(Cell.java:994)
	at com.badlogic.gdx.scenes.scene2d.ui.Cell.&lt;init&gt;(Cell.java:46)
	at com.badlogic.gdx.scenes.scene2d.ui.Cell.defaults(Cell.java:994)
	at com.badlogic.gdx.scenes.scene2d.ui.Cell.&lt;init&gt;(Cell.java:46)
	at com.badlogic.gdx.scenes.scene2d.ui.Cell.defaults(Cell.java:994)
	at com.badlogic.gdx.scenes.scene2d.ui.Cell.&lt;init&gt;(Cell.java:46)
	at com.badlogic.gdx.scenes.scene2d.ui.Cell.defaults(Cell.java:994)
	at com.badlogic.gdx.scenes.scene2d.ui.Cell.&lt;init&gt;(Cell.java:46)
	at com.badlogic.gdx.scenes.scene2d.ui.Cell.defaults(Cell.java:994)
	at com.badlogic.gdx.scenes.scene2d.ui.Cell.&lt;init&gt;(Cell.java:46)
	at com.badlogic.gdx.scenes.scene2d.ui.Cell.defaults(Cell.java:994)
	at com.badlogic.gdx.scenes.scene2d.ui.Cell.&lt;init&gt;(Cell.java:46)
	at com.badlogic.gdx.scenes.scene2d.ui.Cell.defaults(Cell.java:994)
	at com.badlogic.gdx.scenes.scene2d.ui.Cell.&lt;init&gt;(Cell.java:46)
	at com.badlogic.gdx.scenes.scene2d.ui.Cell.defaults(Cell.java:994)
	at com.badlogic.gdx.scenes.scene2d.ui.Cell.&lt;init&gt;(Cell.java:46)
	at com.badlogic.gdx.scenes.scene2d.ui.Cell.defaults(Cell.java:994)
	at com.badlogic.gdx.scenes.scene2d.ui.Cell.&lt;init&gt;(Cell.java:46)
	at com.badlogic.gdx.scenes.scene2d.ui.Cell.defaults(Cell.java:994)
	at com.badlogic.gdx.scenes.scene2d.ui.Cell.&lt;init&gt;(Cell.java:46)
	at com.badlogic.gdx.scenes.scene2d.ui.Cell.defaults(Cell.java:994)
	at com.badlogic.gdx.scenes.scene2d.ui.Cell.&lt;init&gt;(Cell.java:46)
	at com.badlogic.gdx.scenes.scene2d.ui.Cell.defaults(Cell.java:994)
	at com.badlogic.gdx.scenes.scene2d.ui.Cell.&lt;init&gt;(Cell.java:46)
	at com.badlogic.gdx.scenes.scene2d.ui.Cell.defaults(Cell.java:994)
	at com.badlogic.gdx.scenes.scene2d.ui.Cell.&lt;init&gt;(Cell.java:46)
	at com.badlogic.gdx.scenes.scene2d.ui.Cell.defaults(Cell.java:994)
	at com.badlogic.gdx.scenes.scene2d.ui.Cell.&lt;init&gt;(Cell.java:46)
	at com.badlogic.gdx.scenes.scene2d.ui.Cell.defaults(Cell.java:994)
	at com.badlogic.gdx.scenes.scene2d.ui.Cell.&lt;init&gt;(Cell.java:46)
	at com.badlogic.gdx.scenes.scene2d.ui.Cell.defaults(Cell.java:994)
	at com.badlogic.gdx.scenes.scene2d.ui.Cell.&lt;init&gt;(Cell.java:46)
	at com.badlogic.gdx.scenes.scene2d.ui.Cell.defaults(Cell.java:994)
	at com.badlogic.gdx.scenes.scene2d.ui.Cell.&lt;init&gt;(Cell.java:46)
	at com.badlogic.gdx.scenes.scene2d.ui.Cell.defaults(Cell.java:994)
	at com.badlogic.gdx.scenes.scene2d.ui.Cell.&lt;init&gt;(Cell.java:46)
	at com.badlogic.gdx.scenes.scene2d.ui.Cell.defaults(Cell.java:994)
	at com.badlogic.gdx.scenes.scene2d.ui.Cell.&lt;init&gt;(Cell.java:46)
	at com.badlogic.gdx.scenes.scene2d.ui.Cell.defaults(Cell.java:994)
	at com.badlogic.gdx.scenes.scene2d.ui.Cell.&lt;init&gt;(Cell.java:46)
	at com.badlogic.gdx.scenes.scene2d.ui.Cell.defaults(Cell.java:994)
	at com.badlogic.gdx.scenes.scene2d.ui.Cell.&lt;init&gt;(Cell.java:46)
	at com.badlogic.gdx.scenes.scene2d.ui.Cell.defaults(Cell.java:994)
	at com.badlogic.gdx.scenes.scene2d.ui.Cell.&lt;init&gt;(Cell.java:46)
	at com.badlogic.gdx.scenes.scene2d.ui.Cell.defaults(Cell.java:994)
	at com.badlogic.gdx.scenes.scene2d.ui.Cell.&lt;init&gt;(Cell.java:46)
	at com.badlogic.gdx.scenes.scene2d.ui.Cell.defaults(Cell.java:994)
	at com.badlogic.gdx.scenes.scene2d.ui.Cell.&lt;init&gt;(Cell.java:46)
	at com.badlogic.gdx.scenes.scene2d.ui.Cell.defaults(Cell.java:994)
	at com.badlogic.gdx.scenes.scene2d.ui.Cell.&lt;init&gt;(Cell.java:46)
	at com.badlogic.gdx.scenes.scene2d.ui.Cell.defaults(Cell.java:994)
	at com.badlogic.gdx.scenes.scene2d.ui.Cell.&lt;init&gt;(Cell.java:46)
	at com.badlogic.gdx.scenes.scene2d.ui.Cell.defaults(Cell.java:994)
	at com.badlogic.gdx.scenes.scene2d.ui.Cell.&lt;init&gt;(Cell.java:46)
	at com.badlogic.gdx.scenes.scene2d.ui.Cell.defaults(Cell.java:994)
	at com.badlogic.gdx.scenes.scene2d.ui.Cell.&lt;init&gt;(Cell.java:46)
	at com.badlogic.gdx.scenes.scene2d.ui.Cell.defaults(Cell.java:994)
	at com.badlogic.gdx.scenes.scene2d.ui.Cell.&lt;init&gt;(Cell.java:46)
	at com.badlogic.gdx.scenes.scene2d.ui.Cell.defaults(Cell.java:994)
	at com.badlogic.gdx.scenes.scene2d.ui.Cell.&lt;init&gt;(Cell.java:46)
	at com.badlogic.gdx.scenes.scene2d.ui.Cell.defaults(Cell.java:994)
	at com.badlogic.gdx.scenes.scene2d.ui.Cell.&lt;init&gt;(Cell.java:46)
	at com.badlogic.gdx.scenes.scene2d.ui.Cell.defaults(Cell.java:994)
	at com.badlogic.gdx.scenes.scene2d.ui.Cell.&lt;init&gt;(Cell.java:46)
	at com.badlogic.gdx.scenes.scene2d.ui.Cell.defaults(Cell.java:994)
	at com.badlogic.gdx.scenes.scene2d.ui.Cell.&lt;init&gt;(Cell.java:46)
	at com.badlogic.gdx.scenes.scene2d.ui.Cell.defaults(Cell.java:994)
	at com.badlogic.gdx.scenes.scene2d.ui.Cell.&lt;init&gt;(Cell.java:46)
	at com.badlogic.gdx.scenes.scene2d.ui.Cell.defaults(Cell.java:994)
	at com.badlogic.gdx.scenes.scene2d.ui.Cell.&lt;init&gt;(Cell.java:46)
	at com.badlogic.gdx.scenes.scene2d.ui.Cell.defaults(Cell.java:994)
	at com.badlogic.gdx.scenes.scene2d.ui.Cell.&lt;init&gt;(Cell.java:46)
	at com.badlogic.gdx.scenes.scene2d.ui.Cell.defaults(Cell.java:994)
	at com.badlogic.gdx.scenes.scene2d.ui.Cell.&lt;init&gt;(Cell.java:46)
	at com.badlogic.gdx.scenes.scene2d.ui.Cell.defaults(Cell.java:994)
	at com.badlogic.gdx.scenes.scene2d.ui.Cell.&lt;init&gt;(Cell.java:46)
	at com.badlogic.gdx.scenes.scene2d.ui.Cell.defaults(Cell.java:994)
	at com.badlogic.gdx.scenes.scene2d.ui.Cell.&lt;init&gt;(Cell.java:46)
	at com.badlogic.gdx.scenes.scene2d.ui.Cell.defaults(Cell.java:994)
	at com.badlogic.gdx.scenes.scene2d.ui.Cell.&lt;init&gt;(Cell.java:46)
	at com.badlogic.gdx.scenes.scene2d.ui.Cell.defaults(Cell.java:994)
	at com.badlogic.gdx.scenes.scene2d.ui.Cell.&lt;init&gt;(Cell.java:46)
	at com.badlogic.gdx.scenes.scene2d.ui.Cell.defaults(Cell.java:994)
	at com.badlogic.gdx.scenes.scene2d.ui.Cell.&lt;init&gt;(Cell.java:46)
	at com.badlogic.gdx.scenes.scene2d.ui.Cell.defaults(Cell.java:994)
	at com.badlogic.gdx.scenes.scene2d.ui.Cell.&lt;init&gt;(Cell.java:46)
	at com.badlogic.gdx.scenes.scene2d.ui.Cell.defaults(Cell.java:994)
	at com.badlogic.gdx.scenes.scene2d.ui.Cell.&lt;init&gt;(Cell.java:46)
	at com.badlogic.gdx.scenes.scene2d.ui.Cell.defaults(Cell.java:994)
	at com.badlogic.gdx.scenes.scene2d.ui.Cell.&lt;init&gt;(Cell.java:46)
	at com.badlogic.gdx.scenes.scene2d.ui.Cell.defaults(Cell.java:994)
	at com.badlogic.gdx.scenes.scene2d.ui.Cell.&lt;init&gt;(Cell.java:46)
	at com.badlogic.gdx.scenes.scene2d.ui.Cell.defaults(Cell.java:994)
	at com.badlogic.gdx.scenes.scene2d.ui.Cell.&lt;init&gt;(Cell.java:46)
	at com.badlogic.gdx.scenes.scene2d.ui.Cell.defaults(Cell.java:994)
	at com.badlogic.gdx.scenes.scene2d.ui.Cell.&lt;init&gt;(Cell.java:46)
	at com.badlogic.gdx.scenes.scene2d.ui.Cell.defaults(Cell.java:994)
	at com.badlogic.gdx.scenes.scene2d.ui.Cell.&lt;init&gt;(Cell.java:46)
	at com.badlogic.gdx.scenes.scene2d.ui.Cell.defaults(Cell.java:994)
	at com.badlogic.gdx.scenes.scene2d.ui.Cell.&lt;init&gt;(Cell.java:46)
	at com.badlogic.gdx.scenes.scene2d.ui.Cell.defaults(Cell.java:994)
	at com.badlogic.gdx.scenes.scene2d.ui.Cell.&lt;init&gt;(Cell.java:46)
	at com.badlogic.gdx.scenes.scene2d.ui.Cell.defaults(Cell.java:994)
	at com.badlogic.gdx.scenes.scene2d.ui.Cell.&lt;init&gt;(Cell.java:46)
	at com.badlogic.gdx.scenes.scene2d.ui.Cell.defaults(Cell.java:994)
	at com.badlogic.gdx.scenes.scene2d.ui.Cell.&lt;init&gt;(Cell.java:46)
	at com.badlogic.gdx.scenes.scene2d.ui.Cell.defaults(Cell.java:994)
	at com.badlogic.gdx.scenes.scene2d.ui.Cell.&lt;init&gt;(Cell.java:46)
	at com.badlogic.gdx.scenes.scene2d.ui.Cell.defaults(Cell.java:994)
	at com.badlogic.gdx.scenes.scene2d.ui.Cell.&lt;init&gt;(Cell.java:46)
	at com.badlogic.gdx.scenes.scene2d.ui.Cell.defaults(Cell.java:994)
	at com.badlogic.gdx.scenes.scene2d.ui.Cell.&lt;init&gt;(Cell.java:46)
	at com.badlogic.gdx.scenes.scene2d.ui.Cell.defaults(Cell.java:994)
	at com.badlogic.gdx.scenes.scene2d.ui.Cell.&lt;init&gt;(Cell.java:46)
	at com.badlogic.gdx.scenes.scene2d.ui.Cell.defaults(Cell.java:994)
	at com.badlogic.gdx.scenes.scene2d.ui.Cell.&lt;init&gt;(Cell.java:46)
	at com.badlogic.gdx.scenes.scene2d.ui.Cell.defaults(Cell.java:994)
	at com.badlogic.gdx.scenes.scene2d.ui.Cell.&lt;init&gt;(Cell.java:46)
	at com.badlogic.gdx.scenes.scene2d.ui.Cell.defaults(Cell.java:994)
	at com.badlogic.gdx.scenes.scene2d.ui.Cell.&lt;init&gt;(Cell.java:46)
	at com.badlogic.gdx.scenes.scene2d.ui.Cell.defaults(Cell.java:994)
	at com.badlogic.gdx.scenes.scene2d.ui.Cell.&lt;init&gt;(Cell.java:46)
	at com.badlogic.gdx.scenes.scene2d.ui.Cell.defaults(Cell.java:994)
	at com.badlogic.gdx.scenes.scene2d.ui.Cell.&lt;init&gt;(Cell.java:46)
	at com.badlogic.gdx.scenes.scene2d.ui.Cell.defaults(Cell.java:994)
	at com.badlogic.gdx.scenes.scene2d.ui.Cell.&lt;init&gt;(Cell.java:46)
	at com.badlogic.gdx.scenes.scene2d.ui.Cell.defaults(Cell.java:994)
	at com.badlogic.gdx.scenes.scene2d.ui.Cell.&lt;init&gt;(Cell.java:46)
	at com.badlogic.gdx.scenes.scene2d.ui.Cell.defaults(Cell.java:994)
	at com.badlogic.gdx.scenes.scene2d.ui.Cell.&lt;init&gt;(Cell.java:46)
	at com.badlogic.gdx.scenes.scene2d.ui.Cell.defaults(Cell.java:994)
	at com.badlogic.gdx.scenes.scene2d.ui.Cell.&lt;init&gt;(Cell.java:46)
	at com.badlogic.gdx.scenes.scene2d.ui.Cell.defaults(Cell.java:994)
	at com.badlogic.gdx.scenes.scene2d.ui.Cell.&lt;init&gt;(Cell.java:46)
	at com.badlogic.gdx.scenes.scene2d.ui.Cell.defaults(Cell.java:994)
	at com.badlogic.gdx.scenes.scene2d.ui.Cell.&lt;init&gt;(Cell.java:46)
	at com.badlogic.gdx.scenes.scene2d.ui.Cell.defaults(Cell.java:994)
	at com.badlogic.gdx.scenes.scene2d.ui.Cell.&lt;init&gt;(Cell.java:46)
	at com.badlogic.gdx.scenes.scene2d.ui.Cell.defaults(Cell.java:994)
	at com.badlogic.gdx.scenes.scene2d.ui.Cell.&lt;init&gt;(Cell.java:46)
	at com.badlogic.gdx.scenes.scene2d.ui.Cell.defaults(Cell.java:994)
	at com.badlogic.gdx.scenes.scene2d.ui.Cell.&lt;init&gt;(Cell.java:46)
	at com.badlogic.gdx.scenes.scene2d.ui.Cell.defaults(Cell.java:994)
	at com.badlogic.gdx.scenes.scene2d.ui.Cell.&lt;init&gt;(Cell.java:46)
	at com.badlogic.gdx.scenes.scene2d.ui.Cell.defaults(Cell.java:994)
	at com.badlogic.gdx.scenes.scene2d.ui.Cell.&lt;init&gt;(Cell.java:46)
	at com.badlogic.gdx.scenes.scene2d.ui.Cell.defaults(Cell.java:994)
	at com.badlogic.gdx.scenes.scene2d.ui.Cell.&lt;init&gt;(Cell.java:46)
	at com.badlogic.gdx.scenes.scene2d.ui.Cell.defaults(Cell.java:994)
	at com.badlogic.gdx.scenes.scene2d.ui.Cell.&lt;init&gt;(Cell.java:46)
	at com.badlogic.gdx.scenes.scene2d.ui.Cell.defaults(Cell.java:994)
	at com.badlogic.gdx.scenes.scene2d.ui.Cell.&lt;init&gt;(Cell.java:46)
	at com.badlogic.gdx.scenes.scene2d.ui.Cell.defaults(Cell.java:994)
	at com.badlogic.gdx.scenes.scene2d.ui.Cell.&lt;init&gt;(Cell.java:46)
	at com.badlogic.gdx.scenes.scene2d.ui.Cell.defaults(Cell.java:994)
	at com.badlogic.gdx.scenes.scene2d.ui.Cell.&lt;init&gt;(Cell.java:46)
	at com.badlogic.gdx.scenes.scene2d.ui.Cell.defaults(Cell.java:994)
	at com.badlogic.gdx.scenes.scene2d.ui.Cell.&lt;init&gt;(Cell.java:46)
	at com.badlogic.gdx.scenes.scene2d.ui.Cell.defaults(Cell.java:994)
	at com.badlogic.gdx.scenes.scene2d.ui.Cell.&lt;init&gt;(Cell.java:46)
	at com.badlogic.gdx.scenes.scene2d.ui.Cell.defaults(Cell.java:994)
	at com.badlogic.gdx.scenes.scene2d.ui.Cell.&lt;init&gt;(Cell.java:46)
	at com.badlogic.gdx.scenes.scene2d.ui.Cell.defaults(Cell.java:994)
	at com.badlogic.gdx.scenes.scene2d.ui.Cell.&lt;init&gt;(Cell.java:46)
	at com.badlogic.gdx.scenes.scene2d.ui.Cell.defaults(Cell.java:994)
	at com.badlogic.gdx.scenes.scene2d.ui.Cell.&lt;init&gt;(Cell.java:46)
	at com.badlogic.gdx.scenes.scene2d.ui.Cell.defaults(Cell.java:994)
	at com.badlogic.gdx.scenes.scene2d.ui.Cell.&lt;init&gt;(Cell.java:46)
	at com.badlogic.gdx.scenes.scene2d.ui.Cell.defaults(Cell.java:994)
	at com.badlogic.gdx.scenes.scene2d.ui.Cell.&lt;init&gt;(Cell.java:46)
	at com.badlogic.gdx.scenes.scene2d.ui.Cell.defaults(Cell.java:994)
	at com.badlogic.gdx.scenes.scene2d.ui.Cell.&lt;init&gt;(Cell.java:46)
	at com.badlogic.gdx.scenes.scene2d.ui.Cell.defaults(Cell.java:994)
	at com.badlogic.gdx.scenes.scene2d.ui.Cell.&lt;init&gt;(Cell.java:46)
	at com.badlogic.gdx.scenes.scene2d.ui.Cell.defaults(Cell.java:994)
	at com.badlogic.gdx.scenes.scene2d.ui.Cell.&lt;init&gt;(Cell.java:46)
	at com.badlogic.gdx.scenes.scene2d.ui.Cell.defaults(Cell.java:994)
	at com.badlogic.gdx.scenes.scene2d.ui.Cell.&lt;init&gt;(Cell.java:46)
	at com.badlogic.gdx.scenes.scene2d.ui.Cell.defaults(Cell.java:994)
	at com.badlogic.gdx.scenes.scene2d.ui.Cell.&lt;init&gt;(Cell.java:46)
	at com.badlogic.gdx.scenes.scene2d.ui.Cell.defaults(Cell.java:994)
	at com.badlogic.gdx.scenes.scene2d.ui.Cell.&lt;init&gt;(Cell.java:46)
	at com.badlogic.gdx.scenes.scene2d.ui.Cell.defaults(Cell.java:994)
	at com.badlogic.gdx.scenes.scene2d.ui.Cell.&lt;init&gt;(Cell.java:46)
	at com.badlogic.gdx.scenes.scene2d.ui.Cell.defaults(Cell.java:994)
	at com.badlogic.gdx.scenes.scene2d.ui.Cell.&lt;init&gt;(Cell.java:46)
	at com.badlogic.gdx.scenes.scene2d.ui.Cell.defaults(Cell.java:994)
	at com.badlogic.gdx.scenes.scene2d.ui.Cell.&lt;init&gt;(Cell.java:46)
	at com.badlogic.gdx.scenes.scene2d.ui.Cell.defaults(Cell.java:994)
	at com.badlogic.gdx.scenes.scene2d.ui.Cell.&lt;init&gt;(Cell.java:46)
	at com.badlogic.gdx.scenes.scene2d.ui.Cell.defaults(Cell.java:994)
	at com.badlogic.gdx.scenes.scene2d.ui.Cell.&lt;init&gt;(Cell.java:46)
	at com.badlogic.gdx.scenes.scene2d.ui.Cell.defaults(Cell.java:994)
	at com.badlogic.gdx.scenes.scene2d.ui.Cell.&lt;init&gt;(Cell.java:46)
	at com.badlogic.gdx.scenes.scene2d.ui.Cell.defaults(Cell.java:994)
	at com.badlogic.gdx.scenes.scene2d.ui.Cell.&lt;init&gt;(Cell.java:46)
	at com.badlogic.gdx.scenes.scene2d.ui.Cell.defaults(Cell.java:994)
	at com.badlogic.gdx.scenes.scene2d.ui.Cell.&lt;init&gt;(Cell.java:46)
	at com.badlogic.gdx.scenes.scene2d.ui.Cell.defaults(Cell.java:994)
	at com.badlogic.gdx.scenes.scene2d.ui.Cell.&lt;init&gt;(Cell.java:46)
	at com.badlogic.gdx.scenes.scene2d.ui.Cell.defaults(Cell.java:994)
	at com.badlogic.gdx.scenes.scene2d.ui.Cell.&lt;init&gt;(Cell.java:46)
	at com.badlogic.gdx.scenes.scene2d.ui.Cell.defaults(Cell.java:994)
	at com.badlogic.gdx.scenes.scene2d.ui.Cell.&lt;init&gt;(Cell.java:46)
	at com.badlogic.gdx.scenes.scene2d.ui.Cell.defaults(Cell.java:994)
	at com.badlogic.gdx.scenes.scene2d.ui.Cell.&lt;init&gt;(Cell.java:46)
	at com.badlogic.gdx.scenes.scene2d.ui.Cell.defaults(Cell.java:994)
	at com.badlogic.gdx.scenes.scene2d.ui.Cell.&lt;init&gt;(Cell.java:46)
	at com.badlogic.gdx.scenes.scene2d.ui.Cell.defaults(Cell.java:994)
	at com.badlogic.gdx.scenes.scene2d.ui.Cell.&lt;init&gt;(Cell.java:46)
	at com.badlogic.gdx.scenes.scene2d.ui.Cell.defaults(Cell.java:994)
	at com.badlogic.gdx.scenes.scene2d.ui.Cell.&lt;init&gt;(Cell.java:46)
	at com.badlogic.gdx.scenes.scene2d.ui.Cell.defaults(Cell.java:994)
	at com.badlogic.gdx.scenes.scene2d.ui.Cell.&lt;init&gt;(Cell.java:46)
	at com.badlogic.gdx.scenes.scene2d.ui.Cell.defaults(Cell.java:994)
	at com.badlogic.gdx.scenes.scene2d.ui.Cell.&lt;init&gt;(Cell.java:46)
	at com.badlogic.gdx.scenes.scene2d.ui.Cell.defaults(Cell.java:994)
	at com.badlogic.gdx.scenes.scene2d.ui.Cell.&lt;init&gt;(Cell.java:46)
	at com.badlogic.gdx.scenes.scene2d.ui.Cell.defaults(Cell.java:994)
	at com.badlogic.gdx.scenes.scene2d.ui.Cell.&lt;init&gt;(Cell.java:46)
	at com.badlogic.gdx.scenes.scene2d.ui.Cell.defaults(Cell.java:994)
	at com.badlogic.gdx.scenes.scene2d.ui.Cell.&lt;init&gt;(Cell.java:46)
	at com.badlogic.gdx.scenes.scene2d.ui.Cell.defaults(Cell.java:994)
	at com.badlogic.gdx.scenes.scene2d.ui.Cell.&lt;init&gt;(Cell.java:46)
	at com.badlogic.gdx.scenes.scene2d.ui.Cell.defaults(Cell.java:994)
	at com.badlogic.gdx.scenes.scene2d.ui.Cell.&lt;init&gt;(Cell.java:46)
	at com.badlogic.gdx.scenes.scene2d.ui.Cell.defaults(Cell.java:994)
	at com.badlogic.gdx.scenes.scene2d.ui.Cell.&lt;init&gt;(Cell.java:46)
	at com.badlogic.gdx.scenes.scene2d.ui.Cell.defaults(Cell.java:994)
	at com.badlogic.gdx.scenes.scene2d.ui.Cell.&lt;init&gt;(Cell.java:46)
	at com.badlogic.gdx.scenes.scene2d.ui.Cell.defaults(Cell.java:994)
	at com.badlogic.gdx.scenes.scene2d.ui.Cell.&lt;init&gt;(Cell.java:46)
	at com.badlogic.gdx.scenes.scene2d.ui.Cell.defaults(Cell.java:994)
	at com.badlogic.gdx.scenes.scene2d.ui.Cell.&lt;init&gt;(Cell.java:46)
	at com.badlogic.gdx.scenes.scene2d.ui.Cell.defaults(Cell.java:994)
	at com.badlogic.gdx.scenes.scene2d.ui.Cell.&lt;init&gt;(Cell.java:46)
	at com.badlogic.gdx.scenes.scene2d.ui.Cell.defaults(Cell.java:994)
	at com.badlogic.gdx.scenes.scene2d.ui.Cell.&lt;init&gt;(Cell.java:46)
	at com.badlogic.gdx.scenes.scene2d.ui.Cell.defaults(Cell.java:994)
	at com.badlogic.gdx.scenes.scene2d.ui.Cell.&lt;init&gt;(Cell.java:46)
	at com.badlogic.gdx.scenes.scene2d.ui.Cell.defaults(Cell.java:994)
	at com.badlogic.gdx.scenes.scene2d.ui.Cell.&lt;init&gt;(Cell.java:46)
	at com.badlogic.gdx.scenes.scene2d.ui.Cell.defaults(Cell.java:994)
	at com.badlogic.gdx.scenes.scene2d.ui.Cell.&lt;init&gt;(Cell.java:46)
	at com.badlogic.gdx.scenes.scene2d.ui.Cell.defaults(Cell.java:994)
	at com.badlogic.gdx.scenes.scene2d.ui.Cell.&lt;init&gt;(Cell.java:46)
	at com.badlogic.gdx.scenes.scene2d.ui.Cell.defaults(Cell.java:994)
	at com.badlogic.gdx.scenes.scene2d.ui.Cell.&lt;init&gt;(Cell.java:46)
	at com.badlogic.gdx.scenes.scene2d.ui.Cell.defaults(Cell.java:994)
	at com.badlogic.gdx.scenes.scene2d.ui.Cell.&lt;init&gt;(Cell.java:46)
	at com.badlogic.gdx.scenes.scene2d.ui.Cell.defaults(Cell.java:994)
	at com.badlogic.gdx.scenes.scene2d.ui.Cell.&lt;init&gt;(Cell.java:46)
	at com.badlogic.gdx.scenes.scene2d.ui.Cell.defaults(Cell.java:994)
	at com.badlogic.gdx.scenes.scene2d.ui.Cell.&lt;init&gt;(Cell.java:46)
	at com.badlogic.gdx.scenes.scene2d.ui.Cell.defaults(Cell.java:994)
	at com.badlogic.gdx.scenes.scene2d.ui.Cell.&lt;init&gt;(Cell.java:46)
	at com.badlogic.gdx.scenes.scene2d.ui.Cell.defaults(Cell.java:994)
	at com.badlogic.gdx.scenes.scene2d.ui.Cell.&lt;init&gt;(Cell.java:46)
	at com.badlogic.gdx.scenes.scene2d.ui.Cell.defaults(Cell.java:994)
	at com.badlogic.gdx.scenes.scene2d.ui.Cell.&lt;init&gt;(Cell.java:46)
	at com.badlogic.gdx.scenes.scene2d.ui.Cell.defaults(Cell.java:994)
	at com.badlogic.gdx.scenes.scene2d.ui.Cell.&lt;init&gt;(Cell.java:46)
	at com.badlogic.gdx.scenes.scene2d.ui.Cell.defaults(Cell.java:994)
	at com.badlogic.gdx.scenes.scene2d.ui.Cell.&lt;init&gt;(Cell.java:46)
	at com.badlogic.gdx.scenes.scene2d.ui.Cell.defaults(Cell.java:994)
	at com.badlogic.gdx.scenes.scene2d.ui.Cell.&lt;init&gt;(Cell.java:46)
	at com.badlogic.gdx.scenes.scene2d.ui.Cell.defaults(Cell.java:994)
	at com.badlogic.gdx.scenes.scene2d.ui.Cell.&lt;init&gt;(Cell.java:46)
	at com.badlogic.gdx.scenes.scene2d.ui.Cell.defaults(Cell.java:994)
	at com.badlogic.gdx.scenes.scene2d.ui.Cell.&lt;init&gt;(Cell.java:46)
	at com.badlogic.gdx.scenes.scene2d.ui.Cell.defaults(Cell.java:994)
	at com.badlogic.gdx.scenes.scene2d.ui.Cell.&lt;init&gt;(Cell.java:46)
	at com.badlogic.gdx.scenes.scene2d.ui.Cell.defaults(Cell.java:994)
	at com.badlogic.gdx.scenes.scene2d.ui.Cell.&lt;init&gt;(Cell.java:46)
	at com.badlogic.gdx.scenes.scene2d.ui.Cell.defaults(Cell.java:994)
	at com.badlogic.gdx.scenes.scene2d.ui.Cell.&lt;init&gt;(Cell.java:46)
	at com.badlogic.gdx.scenes.scene2d.ui.Cell.defaults(Cell.java:994)
	at com.badlogic.gdx.scenes.scene2d.ui.Cell.&lt;init&gt;(Cell.java:46)
	at com.badlogic.gdx.scenes.scene2d.ui.Cell.defaults(Cell.java:994)
	at com.badlogic.gdx.scenes.scene2d.ui.Cell.&lt;init&gt;(Cell.java:46)
	at com.badlogic.gdx.scenes.scene2d.ui.Cell.defaults(Cell.java:994)
	at com.badlogic.gdx.scenes.scene2d.ui.Cell.&lt;init&gt;(Cell.java:46)
	at com.badlogic.gdx.scenes.scene2d.ui.Cell.defaults(Cell.java:994)
	at com.badlogic.gdx.scenes.scene2d.ui.Cell.&lt;init&gt;(Cell.java:46)
	at com.badlogic.gdx.scenes.scene2d.ui.Cell.defaults(Cell.java:994)
	at com.badlogic.gdx.scenes.scene2d.ui.Cell.&lt;init&gt;(Cell.java:46)
	at com.badlogic.gdx.scenes.scene2d.ui.Cell.defaults(Cell.java:994)
	at com.badlogic.gdx.scenes.scene2d.ui.Cell.&lt;init&gt;(Cell.java:46)
	at com.badlogic.gdx.scenes.scene2d.ui.Cell.defaults(Cell.java:994)
	at com.badlogic.gdx.scenes.scene2d.ui.Cell.&lt;init&gt;(Cell.java:46)
	at com.badlogic.gdx.scenes.scene2d.ui.Cell.defaults(Cell.java:994)
	at com.badlogic.gdx.scenes.scene2d.ui.Cell.&lt;init&gt;(Cell.java:46)
	at com.badlogic.gdx.scenes.scene2d.ui.Cell.defaults(Cell.java:994)
	at com.badlogic.gdx.scenes.scene2d.ui.Cell.&lt;init&gt;(Cell.java:46)
	at com.badlogic.gdx.scenes.scene2d.ui.Cell.defaults(Cell.java:994)
	at com.badlogic.gdx.scenes.scene2d.ui.Cell.&lt;init&gt;(Cell.java:46)
	at com.badlogic.gdx.scenes.scene2d.ui.Cell.defaults(Cell.java:994)
	at com.badlogic.gdx.scenes.scene2d.ui.Cell.&lt;init&gt;(Cell.java:46)
	at com.badlogic.gdx.scenes.scene2d.ui.Cell.defaults(Cell.java:994)
	at com.badlogic.gdx.scenes.scene2d.ui.Cell.&lt;init&gt;(Cell.java:46)
	at com.badlogic.gdx.scenes.scene2d.ui.Cell.defaults(Cell.java:994)
	at com.badlogic.gdx.scenes.scene2d.ui.Cell.&lt;init&gt;(Cell.java:46)
	at com.badlogic.gdx.scenes.scene2d.ui.Cell.defaults(Cell.java:994)
	at com.badlogic.gdx.scenes.scene2d.ui.Cell.&lt;init&gt;(Cell.java:46)
	at com.badlogic.gdx.scenes.scene2d.ui.Cell.defaults(Cell.java:994)
	at com.badlogic.gdx.scenes.scene2d.ui.Cell.&lt;init&gt;(Cell.java:46)
	at com.badlogic.gdx.scenes.scene2d.ui.Cell.defaults(Cell.java:994)
	at com.badlogic.gdx.scenes.scene2d.ui.Cell.&lt;init&gt;(Cell.java:46)
	at com.badlogic.gdx.scenes.scene2d.ui.Cell.defaults(Cell.java:994)
	at com.badlogic.gdx.scenes.scene2d.ui.Cell.&lt;init&gt;(Cell.java:46)
	at com.badlogic.gdx.scenes.scene2d.ui.Cell.defaults(Cell.java:994)
	at com.badlogic.gdx.scenes.scene2d.ui.Cell.&lt;init&gt;(Cell.java:46)
	at com.badlogic.gdx.scenes.scene2d.ui.Cell.defaults(Cell.java:994)
	at com.badlogic.gdx.scenes.scene2d.ui.Cell.&lt;init&gt;(Cell.java:46)
	at com.badlogic.gdx.scenes.scene2d.ui.Cell.defaults(Cell.java:994)
	at com.badlogic.gdx.scenes.scene2d.ui.Cell.&lt;init&gt;(Cell.java:46)
	at com.badlogic.gdx.scenes.scene2d.ui.Cell.defaults(Cell.java:994)
	at com.badlogic.gdx.scenes.scene2d.ui.Cell.&lt;init&gt;(Cell.java:46)
	at com.badlogic.gdx.scenes.scene2d.ui.Cell.defaults(Cell.java:994)
	at com.badlogic.gdx.scenes.scene2d.ui.Cell.&lt;init&gt;(Cell.java:46)
	at com.badlogic.gdx.scenes.scene2d.ui.Cell.defaults(Cell.java:994)
	at com.badlogic.gdx.scenes.scene2d.ui.Cell.&lt;init&gt;(Cell.java:46)
	at com.badlogic.gdx.scenes.scene2d.ui.Cell.defaults(Cell.java:994)
	at com.badlogic.gdx.scenes.scene2d.ui.Cell.&lt;init&gt;(Cell.java:46)
	at com.badlogic.gdx.scenes.scene2d.ui.Cell.defaults(Cell.java:994)
	at com.badlogic.gdx.scenes.scene2d.ui.Cell.&lt;init&gt;(Cell.java:46)
	at com.badlogic.gdx.scenes.scene2d.ui.Cell.defaults(Cell.java:994)
	at com.badlogic.gdx.scenes.scene2d.ui.Cell.&lt;init&gt;(Cell.java:46)
	at com.badlogic.gdx.scenes.scene2d.ui.Cell.defaults(Cell.java:994)
	at com.badlogic.gdx.scenes.scene2d.ui.Cell.&lt;init&gt;(Cell.java:46)
	at com.badlogic.gdx.scenes.scene2d.ui.Cell.defaults(Cell.java:994)
	at com.badlogic.gdx.scenes.scene2d.ui.Cell.&lt;init&gt;(Cell.java:46)
	at com.badlogic.gdx.scenes.scene2d.ui.Cell.defaults(Cell.java:994)
	at com.badlogic.gdx.scenes.scene2d.ui.Cell.&lt;init&gt;(Cell.java:46)
	at com.badlogic.gdx.scenes.scene2d.ui.Cell.defaults(Cell.java:994)
	at com.badlogic.gdx.scenes.scene2d.ui.Cell.&lt;init&gt;(Cell.java:46)
	at com.badlogic.gdx.scenes.scene2d.ui.Cell.defaults(Cell.java:994)
	at com.badlogic.gdx.scenes.scene2d.ui.Cell.&lt;init&gt;(Cell.java:46)
	at com.badlogic.gdx.scenes.scene2d.ui.Cell.defaults(Cell.java:994)
	at com.badlogic.gdx.scenes.scene2d.ui.Cell.&lt;init&gt;(Cell.java:46)
	at com.badlogic.gdx.scenes.scene2d.ui.Cell.defaults(Cell.java:994)
	at com.badlogic.gdx.scenes.scene2d.ui.Cell.&lt;init&gt;(Cell.java:46)
	at com.badlogic.gdx.scenes.scene2d.ui.Cell.defaults(Cell.java:994)
	at com.badlogic.gdx.scenes.scene2d.ui.Cell.&lt;init&gt;(Cell.java:46)
	at com.badlogic.gdx.scenes.scene2d.ui.Cell.defaults(Cell.java:994)
	at com.badlogic.gdx.scenes.scene2d.ui.Cell.&lt;init&gt;(Cell.java:46)
	at com.badlogic.gdx.scenes.scene2d.ui.Cell.defaults(Cell.java:994)
	at com.badlogic.gdx.scenes.scene2d.ui.Cell.&lt;init&gt;(Cell.java:46)
	at com.badlogic.gdx.scenes.scene2d.ui.Cell.defaults(Cell.java:994)
	at com.badlogic.gdx.scenes.scene2d.ui.Cell.&lt;init&gt;(Cell.java:46)
	at com.badlogic.gdx.scenes.scene2d.ui.Cell.defaults(Cell.java:994)
	at com.badlogic.gdx.scenes.scene2d.ui.Cell.&lt;init&gt;(Cell.java:46)
	at com.badlogic.gdx.scenes.scene2d.ui.Cell.defaults(Cell.java:994)
	at com.badlogic.gdx.scenes.scene2d.ui.Cell.&lt;init&gt;(Cell.java:46)
	at com.badlogic.gdx.scenes.scene2d.ui.Cell.defaults(Cell.java:994)
	at com.badlogic.gdx.scenes.scene2d.ui.Cell.&lt;init&gt;(Cell.java:46)
	at com.badlogic.gdx.scenes.scene2d.ui.Cell.defaults(Cell.java:994)
	at com.badlogic.gdx.scenes.scene2d.ui.Cell.&lt;init&gt;(Cell.java:46)
	at com.badlogic.gdx.scenes.scene2d.ui.Cell.defaults(Cell.java:994)
	at com.badlogic.gdx.scenes.scene2d.ui.Cell.&lt;init&gt;(Cell.java:46)
	at com.badlogic.gdx.scenes.scene2d.ui.Cell.defaults(Cell.java:994)
	at com.badlogic.gdx.scenes.scene2d.ui.Cell.&lt;init&gt;(Cell.java:46)
	at com.badlogic.gdx.scenes.scene2d.ui.Cell.defaults(Cell.java:994)
	at com.badlogic.gdx.scenes.scene2d.ui.Cell.&lt;init&gt;(Cell.java:46)
	at com.badlogic.gdx.scenes.scene2d.ui.Cell.defaults(Cell.java:994)
	at com.badlogic.gdx.scenes.scene2d.ui.Cell.&lt;init&gt;(Cell.java:46)
	at com.badlogic.gdx.scenes.scene2d.ui.Cell.defaults(Cell.java:994)
	at com.badlogic.gdx.scenes.scene2d.ui.Cell.&lt;init&gt;(Cell.java:46)
	at com.badlogic.gdx.scenes.scene2d.ui.Cell.defaults(Cell.java:994)
	at com.badlogic.gdx.scenes.scene2d.ui.Cell.&lt;init&gt;(Cell.java:46)
	at com.badlogic.gdx.scenes.scene2d.ui.Cell.defaults(Cell.java:994)
	at com.badlogic.gdx.scenes.scene2d.ui.Cell.&lt;init&gt;(Cell.java:46)
	at com.badlogic.gdx.scenes.scene2d.ui.Cell.defaults(Cell.java:994)
	at com.badlogic.gdx.scenes.scene2d.ui.Cell.&lt;init&gt;(Cell.java:46)
	at com.badlogic.gdx.scenes.scene2d.ui.Cell.defaults(Cell.java:994)
	at com.badlogic.gdx.scenes.scene2d.ui.Cell.&lt;init&gt;(Cell.java:46)
	at com.badlogic.gdx.scenes.scene2d.ui.Cell.defaults(Cell.java:994)
	at com.badlogic.gdx.scenes.scene2d.ui.Cell.&lt;init&gt;(Cell.java:46)
	at com.badlogic.gdx.scenes.scene2d.ui.Cell.defaults(Cell.java:994)
	at com.badlogic.gdx.scenes.scene2d.ui.Cell.&lt;init&gt;(Cell.java:46)
	at com.badlogic.gdx.scenes.scene2d.ui.Cell.defaults(Cell.java:994)
	at com.badlogic.gdx.scenes.scene2d.ui.Cell.&lt;init&gt;(Cell.java:46)
	at com.badlogic.gdx.scenes.scene2d.ui.Cell.defaults(Cell.java:994)
	at com.badlogic.gdx.scenes.scene2d.ui.Cell.&lt;init&gt;(Cell.java:46)
	at com.badlogic.gdx.scenes.scene2d.ui.Cell.defaults(Cell.java:994)
	at com.badlogic.gdx.scenes.scene2d.ui.Cell.&lt;init&gt;(Cell.java:46)
	at com.badlogic.gdx.scenes.scene2d.ui.Cell.defaults(Cell.java:994)
	at com.badlogic.gdx.scenes.scene2d.ui.Cell.&lt;init&gt;(Cell.java:46)
	at com.badlogic.gdx.scenes.scene2d.ui.Cell.defaults(Cell.java:994)
	at com.badlogic.gdx.scenes.scene2d.ui.Cell.&lt;init&gt;(Cell.java:46)
	at com.badlogic.gdx.scenes.scene2d.ui.Cell.defaults(Cell.java:994)
	at com.badlogic.gdx.scenes.scene2d.ui.Cell.&lt;init&gt;(Cell.java:46)
	at com.badlogic.gdx.scenes.scene2d.ui.Cell.defaults(Cell.java:994)
	at com.badlogic.gdx.scenes.scene2d.ui.Cell.&lt;init&gt;(Cell.java:46)
	at com.badlogic.gdx.scenes.scene2d.ui.Cell.defaults(Cell.java:994)
	at com.badlogic.gdx.scenes.scene2d.ui.Cell.&lt;init&gt;(Cell.java:46)
	at com.badlogic.gdx.scenes.scene2d.ui.Cell.defaults(Cell.java:994)
	at com.badlogic.gdx.scenes.scene2d.ui.Cell.&lt;init&gt;(Cell.java:46)
	at com.badlogic.gdx.scenes.scene2d.ui.Cell.defaults(Cell.java:994)
	at com.badlogic.gdx.scenes.scene2d.ui.Cell.&lt;init&gt;(Cell.java:46)
	at com.badlogic.gdx.scenes.scene2d.ui.Cell.defaults(Cell.java:994)
	at com.badlogic.gdx.scenes.scene2d.ui.Cell.&lt;init&gt;(Cell.java:46)
	at com.badlogic.gdx.scenes.scene2d.ui.Cell.defaults(Cell.java:994)
	at com.badlogic.gdx.scenes.scene2d.ui.Cell.&lt;init&gt;(Cell.java:46)
	at com.badlogic.gdx.scenes.scene2d.ui.Cell.defaults(Cell.java:994)
	at com.badlogic.gdx.scenes.scene2d.ui.Cell.&lt;init&gt;(Cell.java:46)
	at com.badlogic.gdx.scenes.scene2d.ui.Cell.defaults(Cell.java:994)
	at com.badlogic.gdx.scenes.scene2d.ui.Cell.&lt;init&gt;(Cell.java:46)
	at com.badlogic.gdx.scenes.scene2d.ui.Cell.defaults(Cell.java:994)
	at com.badlogic.gdx.scenes.scene2d.ui.Cell.&lt;init&gt;(Cell.java:46)
	at com.badlogic.gdx.scenes.scene2d.ui.Cell.defaults(Cell.java:994)
	at com.badlogic.gdx.scenes.scene2d.ui.Cell.&lt;init&gt;(Cell.java:46)
	at com.badlogic.gdx.scenes.scene2d.ui.Cell.defaults(Cell.java:994)
	at com.badlogic.gdx.scenes.scene2d.ui.Cell.&lt;init&gt;(Cell.java:46)
	at com.badlogic.gdx.scenes.scene2d.ui.Cell.defaults(Cell.java:994)
	at com.badlogic.gdx.scenes.scene2d.ui.Cell.&lt;init&gt;(Cell.java:46)
	at com.badlogic.gdx.scenes.scene2d.ui.Cell.defaults(Cell.java:994)
	at com.badlogic.gdx.scenes.scene2d.ui.Cell.&lt;init&gt;(Cell.java:46)
	at com.badlogic.gdx.scenes.scene2d.ui.Cell.defaults(Cell.java:994)
	at com.badlogic.gdx.scenes.scene2d.ui.Cell.&lt;init&gt;(Cell.java:46)
	at com.badlogic.gdx.scenes.scene2d.ui.Cell.defaults(Cell.java:994)
	at com.badlogic.gdx.scenes.scene2d.ui.Cell.&lt;init&gt;(Cell.java:46)
	at com.badlogic.gdx.scenes.scene2d.ui.Cell.defaults(Cell.java:994)
	at com.badlogic.gdx.scenes.scene2d.ui.Cell.&lt;init&gt;(Cell.java:46)
	at com.badlogic.gdx.scenes.scene2d.ui.Cell.defaults(Cell.java:994)
	at com.badlogic.gdx.scenes.scene2d.ui.Cell.&lt;init&gt;(Cell.java:46)
	at com.badlogic.gdx.scenes.scene2d.ui.Cell.defaults(Cell.java:994)
	at com.badlogic.gdx.scenes.scene2d.ui.Cell.&lt;init&gt;(Cell.java:46)
	at com.badlogic.gdx.scenes.scene2d.ui.Cell.defaults(Cell.java:994)
	at com.badlogic.gdx.scenes.scene2d.ui.Cell.&lt;init&gt;(Cell.java:46)
	at com.badlogic.gdx.scenes.scene2d.ui.Cell.defaults(Cell.java:994)
	at com.badlogic.gdx.scenes.scene2d.ui.Cell.&lt;init&gt;(Cell.java:46)
	at com.badlogic.gdx.scenes.scene2d.ui.Cell.defaults(Cell.java:994)
	at com.badlogic.gdx.scenes.scene2d.ui.Cell.&lt;init&gt;(Cell.java:46)
	at com.badlogic.gdx.scenes.scene2d.ui.Cell.defaults(Cell.java:994)
	at com.badlogic.gdx.scenes.scene2d.ui.Cell.&lt;init&gt;(Cell.java:46)
	at com.badlogic.gdx.scenes.scene2d.ui.Cell.defaults(Cell.java:994)
	at com.badlogic.gdx.scenes.scene2d.ui.Cell.&lt;init&gt;(Cell.java:46)
	at com.badlogic.gdx.scenes.scene2d.ui.Cell.defaults(Cell.java:994)
	at com.badlogic.gdx.scenes.scene2d.ui.Cell.&lt;init&gt;(Cell.java:46)
	at com.badlogic.gdx.scenes.scene2d.ui.Cell.defaults(Cell.java:994)
	at com.badlogic.gdx.scenes.scene2d.ui.Cell.&lt;init&gt;(Cell.java:46)
	at com.badlogic.gdx.scenes.scene2d.ui.Cell.defaults(Cell.java:994)
	at com.badlogic.gdx.scenes.scene2d.ui.Cell.&lt;init&gt;(Cell.java:46)
	at com.badlogic.gdx.scenes.scene2d.ui.Cell.defaults(Cell.java:994)
	at com.badlogic.gdx.scenes.scene2d.ui.Cell.&lt;init&gt;(Cell.java:46)
	at com.badlogic.gdx.scenes.scene2d.ui.Cell.defaults(Cell.java:994)
	at com.badlogic.gdx.scenes.scene2d.ui.Cell.&lt;init&gt;(Cell.java:46)
	at com.badlogic.gdx.scenes.scene2d.ui.Cell.defaults(Cell.java:994)
	at com.badlogic.gdx.scenes.scene2d.ui.Cell.&lt;init&gt;(Cell.java:46)
	at com.badlogic.gdx.scenes.scene2d.ui.Cell.defaults(Cell.java:994)
	at com.badlogic.gdx.scenes.scene2d.ui.Cell.&lt;init&gt;(Cell.java:46)
	at com.badlogic.gdx.scenes.scene2d.ui.Cell.defaults(Cell.java:994)
	at com.badlogic.gdx.scenes.scene2d.ui.Cell.&lt;init&gt;(Cell.java:46)
	at com.badlogic.gdx.scenes.scene2d.ui.Cell.defaults(Cell.java:994)
	at com.badlogic.gdx.scenes.scene2d.ui.Cell.&lt;init&gt;(Cell.java:46)
	at com.badlogic.gdx.scenes.scene2d.ui.Cell.defaults(Cell.java:994)
	at com.badlogic.gdx.scenes.scene2d.ui.Cell.&lt;init&gt;(Cell.java:46)
	at com.badlogic.gdx.scenes.scene2d.ui.Cell.defaults(Cell.java:994)
	at com.badlogic.gdx.scenes.scene2d.ui.Cell.&lt;init&gt;(Cell.java:46)
	at com.badlogic.gdx.scenes.scene2d.ui.Cell.defaults(Cell.java:994)
	at com.badlogic.gdx.scenes.scene2d.ui.Cell.&lt;init&gt;(Cell.java:46)
	at com.badlogic.gdx.scenes.scene2d.ui.Cell.defaults(Cell.java:994)
	at com.badlogic.gdx.scenes.scene2d.ui.Cell.&lt;init&gt;(Cell.java:46)
	at com.badlogic.gdx.scenes.scene2d.ui.Cell.defaults(Cell.java:994)
	at com.badlogic.gdx.scenes.scene2d.ui.Cell.&lt;init&gt;(Cell.java:46)
	at com.badlogic.gdx.scenes.scene2d.ui.Cell.defaults(Cell.java:994)
	at com.badlogic.gdx.scenes.scene2d.ui.Cell.&lt;init&gt;(Cell.java:46)
	at com.badlogic.gdx.scenes.scene2d.ui.Cell.defaults(Cell.java:994)
	at com.badlogic.gdx.scenes.scene2d.ui.Cell.&lt;init&gt;(Cell.java:46)
	at com.badlogic.gdx.scenes.scene2d.ui.Cell.defaults(Cell.java:994)
	at com.badlogic.gdx.scenes.scene2d.ui.Cell.&lt;init&gt;(Cell.java:46)
	at com.badlogic.gdx.scenes.scene2d.ui.Cell.defaults(Cell.java:994)
	at com.badlogic.gdx.scenes.scene2d.ui.Cell.&lt;init&gt;(Cell.java:46)
	at com.badlogic.gdx.scenes.scene2d.ui.Cell.defaults(Cell.java:994)
	at com.badlogic.gdx.scenes.scene2d.ui.Cell.&lt;init&gt;(Cell.java:46)
	at com.badlogic.gdx.scenes.scene2d.ui.Cell.defaults(Cell.java:994)
	at com.badlogic.gdx.scenes.scene2d.ui.Cell.&lt;init&gt;(Cell.java:46)
	at com.badlogic.gdx.scenes.scene2d.ui.Cell.defaults(Cell.java:994)
	at com.badlogic.gdx.scenes.scene2d.ui.Cell.&lt;init&gt;(Cell.java:46)
	at com.badlogic.gdx.scenes.scene2d.ui.Cell.defaults(Cell.java:994)
	at com.badlogic.gdx.scenes.scene2d.ui.Cell.&lt;init&gt;(Cell.java:46)
	at com.badlogic.gdx.scenes.scene2d.ui.Cell.defaults(Cell.java:994)
	at com.badlogic.gdx.scenes.scene2d.ui.Cell.&lt;init&gt;(Cell.java:46)
	at com.badlogic.gdx.scenes.scene2d.ui.Cell.defaults(Cell.java:994)
	at com.badlogic.gdx.scenes.scene2d.ui.Cell.&lt;init&gt;(Cell.java:46)
	at com.badlogic.gdx.scenes.scene2d.ui.Cell.defaults(Cell.java:994)
	at com.badlogic.gdx.scenes.scene2d.ui.Cell.&lt;init&gt;(Cell.java:46)
	at com.badlogic.gdx.scenes.scene2d.ui.Cell.defaults(Cell.java:994)
	at com.badlogic.gdx.scenes.scene2d.ui.Cell.&lt;init&gt;(Cell.java:46)
	at com.badlogic.gdx.scenes.scene2d.ui.Cell.defaults(Cell.java:994)
	at com.badlogic.gdx.scenes.scene2d.ui.Cell.&lt;init&gt;(Cell.java:46)
	at com.badlogic.gdx.scenes.scene2d.ui.Cell.defaults(Cell.java:994)
	at com.badlogic.gdx.scenes.scene2d.ui.Cell.&lt;init&gt;(Cell.java:46)
	at com.badlogic.gdx.scenes.scene2d.ui.Cell.defaults(Cell.java:994)
	at com.badlogic.gdx.scenes.scene2d.ui.Cell.&lt;init&gt;(Cell.java:46)
	at com.badlogic.gdx.scenes.scene2d.ui.Cell.defaults(Cell.java:994)
	at com.badlogic.gdx.scenes.scene2d.ui.Cell.&lt;init&gt;(Cell.java:46)
	at com.badlogic.gdx.scenes.scene2d.ui.Cell.defaults(Cell.java:994)
	at com.badlogic.gdx.scenes.scene2d.ui.Cell.&lt;init&gt;(Cell.java:46)
	at com.badlogic.gdx.scenes.scene2d.ui.Cell.defaults(Cell.java:994)
	at com.badlogic.gdx.scenes.scene2d.ui.Cell.&lt;init&gt;(Cell.java:46)
	at com.badlogic.gdx.scenes.scene2d.ui.Cell.defaults(Cell.java:994)
	at com.badlogic.gdx.scenes.scene2d.ui.Cell.&lt;init&gt;(Cell.java:46)
	at com.badlogic.gdx.scenes.scene2d.ui.Cell.defaults(Cell.java:994)
	at com.badlogic.gdx.scenes.scene2d.ui.Cell.&lt;init&gt;(Cell.java:46)
	at com.badlogic.gdx.scenes.scene2d.ui.Cell.defaults(Cell.java:994)
	at com.badlogic.gdx.scenes.scene2d.ui.Cell.&lt;init&gt;(Cell.java:46)
	at com.badlogic.gdx.scenes.scene2d.ui.Cell.defaults(Cell.java:994)
	at com.badlogic.gdx.scenes.scene2d.ui.Cell.&lt;init&gt;(Cell.java:46)
	at com.badlogic.gdx.scenes.scene2d.ui.Cell.defaults(Cell.java:994)
	at com.badlogic.gdx.scenes.scene2d.ui.Cell.&lt;init&gt;(Cell.java:46)
	at com.badlogic.gdx.scenes.scene2d.ui.Cell.defaults(Cell.java:994)
	at com.badlogic.gdx.scenes.scene2d.ui.Cell.&lt;init&gt;(Cell.java:46)
	at com.badlogic.gdx.scenes.scene2d.ui.Cell.defaults(Cell.java:994)
	at com.badlogic.gdx.scenes.scene2d.ui.Cell.&lt;init&gt;(Cell.java:46)
	at com.badlogic.gdx.scenes.scene2d.ui.Cell.defaults(Cell.java:994)
	at com.badlogic.gdx.scenes.scene2d.ui.Cell.&lt;init&gt;(Cell.java:46)
	at com.badlogic.gdx.scenes.scene2d.ui.Cell.defaults(Cell.java:994)
	at com.badlogic.gdx.scenes.scene2d.ui.Cell.&lt;init&gt;(Cell.java:46)
	at com.badlogic.gdx.scenes.scene2d.ui.Cell.defaults(Cell.java:994)
	at com.badlogic.gdx.scenes.scene2d.ui.Cell.&lt;init&gt;(Cell.java:46)
	at com.badlogic.gdx.scenes.scene2d.ui.Cell.defaults(Cell.java:994)
	at com.badlogic.gdx.scenes.scene2d.ui.Cell.&lt;init&gt;(Cell.java:46)
	at com.badlogic.gdx.scenes.scene2d.ui.Cell.defaults(Cell.java:994)
	at com.badlogic.gdx.scenes.scene2d.ui.Cell.&lt;init&gt;(Cell.java:46)
	at com.badlogic.gdx.scenes.scene2d.ui.Cell.defaults(Cell.java:994)
	at com.badlogic.gdx.scenes.scene2d.ui.Cell.&lt;init&gt;(Cell.java:46)
	at com.badlogic.gdx.scenes.scene2d.ui.Cell.defaults(Cell.java:994)
	at com.badlogic.gdx.scenes.scene2d.ui.Cell.&lt;init&gt;(Cell.java:46)
	at com.badlogic.gdx.scenes.scene2d.ui.Cell.defaults(Cell.java:994)
	at com.badlogic.gdx.scenes.scene2d.ui.Cell.&lt;init&gt;(Cell.java:46)
	at com.badlogic.gdx.scenes.scene2d.ui.Cell.defaults(Cell.java:994)
	at com.badlogic.gdx.scenes.scene2d.ui.Cell.&lt;init&gt;(Cell.java:46)
	at com.badlogic.gdx.scenes.scene2d.ui.Cell.defaults(Cell.java:994)
	at com.badlogic.gdx.scenes.scene2d.ui.Cell.&lt;init&gt;(Cell.java:46)
	at com.badlogic.gdx.scenes.scene2d.ui.Cell.defaults(Cell.java:994)
	at com.badlogic.gdx.scenes.scene2d.ui.Cell.&lt;init&gt;(Cell.java:46)
	at com.badlogic.gdx.scenes.scene2d.ui.Cell.defaults(Cell.java:994)
	at com.badlogic.gdx.scenes.scene2d.ui.Cell.&lt;init&gt;(Cell.java:46)
	at com.badlogic.gdx.scenes.scene2d.ui.Cell.defaults(Cell.java:994)
	at com.badlogic.gdx.scenes.scene2d.ui.Cell.&lt;init&gt;(Cell.java:46)
	at com.badlogic.gdx.scenes.scene2d.ui.Cell.defaults(Cell.java:994)
	at com.badlogic.gdx.scenes.scene2d.ui.Cell.&lt;init&gt;(Cell.java:46)
	at com.badlogic.gdx.scenes.scene2d.ui.Cell.defaults(Cell.java:994)
	at com.badlogic.gdx.scenes.scene2d.ui.Cell.&lt;init&gt;(Cell.java:46)
	at com.badlogic.gdx.scenes.scene2d.ui.Cell.defaults(Cell.java:994)
	at com.badlogic.gdx.scenes.scene2d.ui.Cell.&lt;init&gt;(Cell.java:46)
	at com.badlogic.gdx.scenes.scene2d.ui.Cell.defaults(Cell.java:994)
	at com.badlogic.gdx.scenes.scene2d.ui.Cell.&lt;init&gt;(Cell.java:46)
	at com.badlogic.gdx.scenes.scene2d.ui.Cell.defaults(Cell.java:994)
	at com.badlogic.gdx.scenes.scene2d.ui.Cell.&lt;init&gt;(Cell.java:46)
	at com.badlogic.gdx.scenes.scene2d.ui.Cell.defaults(Cell.java:994)
	at com.badlogic.gdx.scenes.scene2d.ui.Cell.&lt;init&gt;(Cell.java:46)
	at com.badlogic.gdx.scenes.scene2d.ui.Cell.defaults(Cell.java:994)
	at com.badlogic.gdx.scenes.scene2d.ui.Cell.&lt;init&gt;(Cell.java:46)
	at com.badlogic.gdx.scenes.scene2d.ui.Cell.defaults(Cell.java:994)
	at com.badlogic.gdx.scenes.scene2d.ui.Cell.&lt;init&gt;(Cell.java:46)
	at com.badlogic.gdx.scenes.scene2d.ui.Cell.defaults(Cell.java:994)
	at com.badlogic.gdx.scenes.scene2d.ui.Cell.&lt;init&gt;(Cell.java:46)
	at com.badlogic.gdx.scenes.scene2d.ui.Cell.defaults(Cell.java:994)
	at com.badlogic.gdx.scenes.scene2d.ui.Cell.&lt;init&gt;(Cell.java:46)
	at com.badlogic.gdx.scenes.scene2d.ui.Cell.defaults(Cell.java:994)
	at com.badlogic.gdx.scenes.scene2d.ui.Cell.&lt;init&gt;(Cell.java:46)
	at com.badlogic.gdx.scenes.scene2d.ui.Cell.defaults(Cell.java:994)
	at com.badlogic.gdx.scenes.scene2d.ui.Cell.&lt;init&gt;(Cell.java:46)
	at com.badlogic.gdx.scenes.scene2d.ui.Cell.defaults(Cell.java:994)
	at com.badlogic.gdx.scenes.scene2d.ui.Cell.&lt;init&gt;(Cell.java:46)
	at com.badlogic.gdx.scenes.scene2d.ui.Cell.defaults(Cell.java:994)
	at com.badlogic.gdx.scenes.scene2d.ui.Cell.&lt;init&gt;(Cell.java:46)
	at com.badlogic.gdx.scenes.scene2d.ui.Cell.defaults(Cell.java:994)
	at com.badlogic.gdx.scenes.scene2d.ui.Cell.&lt;init&gt;(Cell.java:46)
	at com.badlogic.gdx.scenes.scene2d.ui.Cell.defaults(Cell.java:994)
	at com.badlogic.gdx.scenes.scene2d.ui.Cell.&lt;init&gt;(Cell.java:46)
	at com.badlogic.gdx.scenes.scene2d.ui.Cell.defaults(Cell.java:994)
	at com.badlogic.gdx.scenes.scene2d.ui.Cell.&lt;init&gt;(Cell.java:46)
	at com.badlogic.gdx.scenes.scene2d.ui.Cell.defaults(Cell.java:994)
	at com.badlogic.gdx.scenes.scene2d.ui.Cell.&lt;init&gt;(Cell.java:46)
	at com.badlogic.gdx.scenes.scene2d.ui.Cell.defaults(Cell.java:994)
	at com.badlogic.gdx.scenes.scene2d.ui.Cell.&lt;init&gt;(Cell.java:46)
	at com.badlogic.gdx.scenes.scene2d.ui.Cell.defaults(Cell.java:994)
	at com.badlogic.gdx.scenes.scene2d.ui.Cell.&lt;init&gt;(Cell.java:46)
	at com.badlogic.gdx.scenes.scene2d.ui.Cell.defaults(Cell.java:994)
	at com.badlogic.gdx.scenes.scene2d.ui.Cell.&lt;init&gt;(Cell.java:46)
	at com.badlogic.gdx.scenes.scene2d.ui.Cell.defaults(Cell.java:994)
	at com.badlogic.gdx.scenes.scene2d.ui.Cell.&lt;init&gt;(Cell.java:46)
	at com.badlogic.gdx.scenes.scene2d.ui.Cell.defaults(Cell.java:994)
	at com.badlogic.gdx.scenes.scene2d.ui.Cell.&lt;init&gt;(Cell.java:46)
	at com.badlogic.gdx.scenes.scene2d.ui.Cell.defaults(Cell.java:994)
	at com.badlogic.gdx.scenes.scene2d.ui.Cell.&lt;init&gt;(Cell.java:46)
	at com.badlogic.gdx.scenes.scene2d.ui.Cell.defaults(Cell.java:994)
	at com.badlogic.gdx.scenes.scene2d.ui.Cell.&lt;init&gt;(Cell.java:46)
	at com.badlogic.gdx.scenes.scene2d.ui.Cell.defaults(Cell.java:994)
	at com.badlogic.gdx.scenes.scene2d.ui.Cell.&lt;init&gt;(Cell.java:46)
	at com.badlogic.gdx.scenes.scene2d.ui.Cell.defaults(Cell.java:994)
	at com.badlogic.gdx.scenes.scene2d.ui.Cell.&lt;init&gt;(Cell.java:46)
	at com.badlogic.gdx.scenes.scene2d.ui.Cell.defaults(Cell.java:994)
	at com.badlogic.gdx.scenes.scene2d.ui.Cell.&lt;init&gt;(Cell.java:46)
	at com.badlogic.gdx.scenes.scene2d.ui.Cell.defaults(Cell.java:994)
	at com.badlogic.gdx.scenes.scene2d.ui.Cell.&lt;init&gt;(Cell.java:46)
	at com.badlogic.gdx.scenes.scene2d.ui.Cell.defaults(Cell.java:994)
	at com.badlogic.gdx.scenes.scene2d.ui.Cell.&lt;init&gt;(Cell.java:46)
	at com.badlogic.gdx.scenes.scene2d.ui.Cell.defaults(Cell.java:994)
	at com.badlogic.gdx.scenes.scene2d.ui.Cell.&lt;init&gt;(Cell.java:46)
	at com.badlogic.gdx.scenes.scene2d.ui.Cell.defaults(Cell.java:994)
	at com.badlogic.gdx.scenes.scene2d.ui.Cell.&lt;init&gt;(Cell.java:46)
	at com.badlogic.gdx.scenes.scene2d.ui.Cell.defaults(Cell.java:994)
	at com.badlogic.gdx.scenes.scene2d.ui.Cell.&lt;init&gt;(Cell.java:46)
	at com.badlogic.gdx.scenes.scene2d.ui.Cell.defaults(Cell.java:994)
	at com.badlogic.gdx.scenes.scene2d.ui.Cell.&lt;init&gt;(Cell.java:46)
	at com.badlogic.gdx.scenes.scene2d.ui.Cell.defaults(Cell.java:994)
	at com.badlogic.gdx.scenes.scene2d.ui.Cell.&lt;init&gt;(Cell.java:46)
	at com.badlogic.gdx.scenes.scene2d.ui.Cell.defaults(Cell.java:994)
	at com.badlogic.gdx.scenes.scene2d.ui.Cell.&lt;init&gt;(Cell.java:46)
	at com.badlogic.gdx.scenes.scene2d.ui.Cell.defaults(Cell.java:994)
	at com.badlogic.gdx.scenes.scene2d.ui.Cell.&lt;init&gt;(Cell.java:46)
	at com.badlogic.gdx.scenes.scene2d.ui.Cell.defaults(Cell.java:994)
	at com.badlogic.gdx.scenes.scene2d.ui.Cell.&lt;init&gt;(Cell.java:46)
	at com.badlogic.gdx.scenes.scene2d.ui.Cell.defaults(Cell.java:994)
	at com.badlogic.gdx.scenes.scene2d.ui.Cell.&lt;init&gt;(Cell.java:46)
	at com.badlogic.gdx.scenes.scene2d.ui.Cell.defaults(Cell.java:994)
	at com.badlogic.gdx.scenes.scene2d.ui.Cell.&lt;init&gt;(Cell.java:46)
	at com.badlogic.gdx.scenes.scene2d.ui.Cell.defaults(Cell.java:994)
	at com.badlogic.gdx.scenes.scene2d.ui.Cell.&lt;init&gt;(Cell.java:46)
	at com.badlogic.gdx.scenes.scene2d.ui.Cell.defaults(Cell.java:994)
	at com.badlogic.gdx.scenes.scene2d.ui.Cell.&lt;init&gt;(Cell.java:46)
	at com.badlogic.gdx.scenes.scene2d.ui.Cell.defaults(Cell.java:994)
	at com.badlogic.gdx.scenes.scene2d.ui.Cell.&lt;init&gt;(Cell.java:46)
	at com.badlogic.gdx.scenes.scene2d.ui.Cell.defaults(Cell.java:994)
	at com.badlogic.gdx.scenes.scene2d.ui.Cell.&lt;init&gt;(Cell.java:46)
	at com.badlogic.gdx.scenes.scene2d.ui.Cell.defaults(Cell.java:994)
	at com.badlogic.gdx.scenes.scene2d.ui.Cell.&lt;init&gt;(Cell.java:46)
	at com.badlogic.gdx.scenes.scene2d.ui.Cell.defaults(Cell.java:994)
</failure>
  </testcase>
  <testcase name="hideAllPanels_hidesEveryRegisteredPanel()" classname="views.ranch.RanchPanelsManagerTest" time="0.012">
    <failure message="java.lang.StackOverflowError" type="java.lang.StackOverflowError">java.lang.StackOverflowError
	at com.badlogic.gdx.scenes.scene2d.ui.Cell.&lt;init&gt;(Cell.java:46)
	at com.badlogic.gdx.scenes.scene2d.ui.Cell.defaults(Cell.java:994)
	at com.badlogic.gdx.scenes.scene2d.ui.Cell.&lt;init&gt;(Cell.java:46)
	at com.badlogic.gdx.scenes.scene2d.ui.Cell.defaults(Cell.java:994)
	at com.badlogic.gdx.scenes.scene2d.ui.Cell.&lt;init&gt;(Cell.java:46)
	at com.badlogic.gdx.scenes.scene2d.ui.Cell.defaults(Cell.java:994)
	at com.badlogic.gdx.scenes.scene2d.ui.Cell.&lt;init&gt;(Cell.java:46)
	at com.badlogic.gdx.scenes.scene2d.ui.Cell.defaults(Cell.java:994)
	at com.badlogic.gdx.scenes.scene2d.ui.Cell.&lt;init&gt;(Cell.java:46)
	at com.badlogic.gdx.scenes.scene2d.ui.Cell.defaults(Cell.java:994)
	at com.badlogic.gdx.scenes.scene2d.ui.Cell.&lt;init&gt;(Cell.java:46)
	at com.badlogic.gdx.scenes.scene2d.ui.Cell.defaults(Cell.java:994)
	at com.badlogic.gdx.scenes.scene2d.ui.Cell.&lt;init&gt;(Cell.java:46)
	at com.badlogic.gdx.scenes.scene2d.ui.Cell.defaults(Cell.java:994)
	at com.badlogic.gdx.scenes.scene2d.ui.Cell.&lt;init&gt;(Cell.java:46)
	at com.badlogic.gdx.scenes.scene2d.ui.Cell.defaults(Cell.java:994)
	at com.badlogic.gdx.scenes.scene2d.ui.Cell.&lt;init&gt;(Cell.java:46)
	at com.badlogic.gdx.scenes.scene2d.ui.Cell.defaults(Cell.java:994)
	at com.badlogic.gdx.scenes.scene2d.ui.Cell.&lt;init&gt;(Cell.java:46)
	at com.badlogic.gdx.scenes.scene2d.ui.Cell.defaults(Cell.java:994)
	at com.badlogic.gdx.scenes.scene2d.ui.Cell.&lt;init&gt;(Cell.java:46)
	at com.badlogic.gdx.scenes.scene2d.ui.Cell.defaults(Cell.java:994)
	at com.badlogic.gdx.scenes.scene2d.ui.Cell.&lt;init&gt;(Cell.java:46)
	at com.badlogic.gdx.scenes.scene2d.ui.Cell.defaults(Cell.java:994)
	at com.badlogic.gdx.scenes.scene2d.ui.Cell.&lt;init&gt;(Cell.java:46)
	at com.badlogic.gdx.scenes.scene2d.ui.Cell.defaults(Cell.java:994)
	at com.badlogic.gdx.scenes.scene2d.ui.Cell.&lt;init&gt;(Cell.java:46)
	at com.badlogic.gdx.scenes.scene2d.ui.Cell.defaults(Cell.java:994)
	at com.badlogic.gdx.scenes.scene2d.ui.Cell.&lt;init&gt;(Cell.java:46)
	at com.badlogic.gdx.scenes.scene2d.ui.Cell.defaults(Cell.java:994)
	at com.badlogic.gdx.scenes.scene2d.ui.Cell.&lt;init&gt;(Cell.java:46)
	at com.badlogic.gdx.scenes.scene2d.ui.Cell.defaults(Cell.java:994)
	at com.badlogic.gdx.scenes.scene2d.ui.Cell.&lt;init&gt;(Cell.java:46)
	at com.badlogic.gdx.scenes.scene2d.ui.Cell.defaults(Cell.java:994)
	at com.badlogic.gdx.scenes.scene2d.ui.Cell.&lt;init&gt;(Cell.java:46)
	at com.badlogic.gdx.scenes.scene2d.ui.Cell.defaults(Cell.java:994)
	at com.badlogic.gdx.scenes.scene2d.ui.Cell.&lt;init&gt;(Cell.java:46)
	at com.badlogic.gdx.scenes.scene2d.ui.Cell.defaults(Cell.java:994)
	at com.badlogic.gdx.scenes.scene2d.ui.Cell.&lt;init&gt;(Cell.java:46)
	at com.badlogic.gdx.scenes.scene2d.ui.Cell.defaults(Cell.java:994)
	at com.badlogic.gdx.scenes.scene2d.ui.Cell.&lt;init&gt;(Cell.java:46)
	at com.badlogic.gdx.scenes.scene2d.ui.Cell.defaults(Cell.java:994)
	at com.badlogic.gdx.scenes.scene2d.ui.Cell.&lt;init&gt;(Cell.java:46)
	at com.badlogic.gdx.scenes.scene2d.ui.Cell.defaults(Cell.java:994)
	at com.badlogic.gdx.scenes.scene2d.ui.Cell.&lt;init&gt;(Cell.java:46)
	at com.badlogic.gdx.scenes.scene2d.ui.Cell.defaults(Cell.java:994)
	at com.badlogic.gdx.scenes.scene2d.ui.Cell.&lt;init&gt;(Cell.java:46)
	at com.badlogic.gdx.scenes.scene2d.ui.Cell.defaults(Cell.java:994)
	at com.badlogic.gdx.scenes.scene2d.ui.Cell.&lt;init&gt;(Cell.java:46)
	at com.badlogic.gdx.scenes.scene2d.ui.Cell.defaults(Cell.java:994)
	at com.badlogic.gdx.scenes.scene2d.ui.Cell.&lt;init&gt;(Cell.java:46)
	at com.badlogic.gdx.scenes.scene2d.ui.Cell.defaults(Cell.java:994)
	at com.badlogic.gdx.scenes.scene2d.ui.Cell.&lt;init&gt;(Cell.java:46)
	at com.badlogic.gdx.scenes.scene2d.ui.Cell.defaults(Cell.java:994)
	at com.badlogic.gdx.scenes.scene2d.ui.Cell.&lt;init&gt;(Cell.java:46)
	at com.badlogic.gdx.scenes.scene2d.ui.Cell.defaults(Cell.java:994)
	at com.badlogic.gdx.scenes.scene2d.ui.Cell.&lt;init&gt;(Cell.java:46)
	at com.badlogic.gdx.scenes.scene2d.ui.Cell.defaults(Cell.java:994)
	at com.badlogic.gdx.scenes.scene2d.ui.Cell.&lt;init&gt;(Cell.java:46)
	at com.badlogic.gdx.scenes.scene2d.ui.Cell.defaults(Cell.java:994)
	at com.badlogic.gdx.scenes.scene2d.ui.Cell.&lt;init&gt;(Cell.java:46)
	at com.badlogic.gdx.scenes.scene2d.ui.Cell.defaults(Cell.java:994)
	at com.badlogic.gdx.scenes.scene2d.ui.Cell.&lt;init&gt;(Cell.java:46)
	at com.badlogic.gdx.scenes.scene2d.ui.Cell.defaults(Cell.java:994)
	at com.badlogic.gdx.scenes.scene2d.ui.Cell.&lt;init&gt;(Cell.java:46)
	at com.badlogic.gdx.scenes.scene2d.ui.Cell.defaults(Cell.java:994)
	at com.badlogic.gdx.scenes.scene2d.ui.Cell.&lt;init&gt;(Cell.java:46)
	at com.badlogic.gdx.scenes.scene2d.ui.Cell.defaults(Cell.java:994)
	at com.badlogic.gdx.scenes.scene2d.ui.Cell.&lt;init&gt;(Cell.java:46)
	at com.badlogic.gdx.scenes.scene2d.ui.Cell.defaults(Cell.java:994)
	at com.badlogic.gdx.scenes.scene2d.ui.Cell.&lt;init&gt;(Cell.java:46)
	at com.badlogic.gdx.scenes.scene2d.ui.Cell.defaults(Cell.java:994)
	at com.badlogic.gdx.scenes.scene2d.ui.Cell.&lt;init&gt;(Cell.java:46)
	at com.badlogic.gdx.scenes.scene2d.ui.Cell.defaults(Cell.java:994)
	at com.badlogic.gdx.scenes.scene2d.ui.Cell.&lt;init&gt;(Cell.java:46)
	at com.badlogic.gdx.scenes.scene2d.ui.Cell.defaults(Cell.java:994)
	at com.badlogic.gdx.scenes.scene2d.ui.Cell.&lt;init&gt;(Cell.java:46)
	at com.badlogic.gdx.scenes.scene2d.ui.Cell.defaults(Cell.java:994)
	at com.badlogic.gdx.scenes.scene2d.ui.Cell.&lt;init&gt;(Cell.java:46)
	at com.badlogic.gdx.scenes.scene2d.ui.Cell.defaults(Cell.java:994)
	at com.badlogic.gdx.scenes.scene2d.ui.Cell.&lt;init&gt;(Cell.java:46)
	at com.badlogic.gdx.scenes.scene2d.ui.Cell.defaults(Cell.java:994)
	at com.badlogic.gdx.scenes.scene2d.ui.Cell.&lt;init&gt;(Cell.java:46)
	at com.badlogic.gdx.scenes.scene2d.ui.Cell.defaults(Cell.java:994)
	at com.badlogic.gdx.scenes.scene2d.ui.Cell.&lt;init&gt;(Cell.java:46)
	at com.badlogic.gdx.scenes.scene2d.ui.Cell.defaults(Cell.java:994)
	at com.badlogic.gdx.scenes.scene2d.ui.Cell.&lt;init&gt;(Cell.java:46)
	at com.badlogic.gdx.scenes.scene2d.ui.Cell.defaults(Cell.java:994)
	at com.badlogic.gdx.scenes.scene2d.ui.Cell.&lt;init&gt;(Cell.java:46)
	at com.badlogic.gdx.scenes.scene2d.ui.Cell.defaults(Cell.java:994)
	at com.badlogic.gdx.scenes.scene2d.ui.Cell.&lt;init&gt;(Cell.java:46)
	at com.badlogic.gdx.scenes.scene2d.ui.Cell.defaults(Cell.java:994)
	at com.badlogic.gdx.scenes.scene2d.ui.Cell.&lt;init&gt;(Cell.java:46)
	at com.badlogic.gdx.scenes.scene2d.ui.Cell.defaults(Cell.java:994)
	at com.badlogic.gdx.scenes.scene2d.ui.Cell.&lt;init&gt;(Cell.java:46)
	at com.badlogic.gdx.scenes.scene2d.ui.Cell.defaults(Cell.java:994)
	at com.badlogic.gdx.scenes.scene2d.ui.Cell.&lt;init&gt;(Cell.java:46)
	at com.badlogic.gdx.scenes.scene2d.ui.Cell.defaults(Cell.java:994)
	at com.badlogic.gdx.scenes.scene2d.ui.Cell.&lt;init&gt;(Cell.java:46)
	at com.badlogic.gdx.scenes.scene2d.ui.Cell.defaults(Cell.java:994)
	at com.badlogic.gdx.scenes.scene2d.ui.Cell.&lt;init&gt;(Cell.java:46)
	at com.badlogic.gdx.scenes.scene2d.ui.Cell.defaults(Cell.java:994)
	at com.badlogic.gdx.scenes.scene2d.ui.Cell.&lt;init&gt;(Cell.java:46)
	at com.badlogic.gdx.scenes.scene2d.ui.Cell.defaults(Cell.java:994)
	at com.badlogic.gdx.scenes.scene2d.ui.Cell.&lt;init&gt;(Cell.java:46)
	at com.badlogic.gdx.scenes.scene2d.ui.Cell.defaults(Cell.java:994)
	at com.badlogic.gdx.scenes.scene2d.ui.Cell.&lt;init&gt;(Cell.java:46)
	at com.badlogic.gdx.scenes.scene2d.ui.Cell.defaults(Cell.java:994)
	at com.badlogic.gdx.scenes.scene2d.ui.Cell.&lt;init&gt;(Cell.java:46)
	at com.badlogic.gdx.scenes.scene2d.ui.Cell.defaults(Cell.java:994)
	at com.badlogic.gdx.scenes.scene2d.ui.Cell.&lt;init&gt;(Cell.java:46)
	at com.badlogic.gdx.scenes.scene2d.ui.Cell.defaults(Cell.java:994)
	at com.badlogic.gdx.scenes.scene2d.ui.Cell.&lt;init&gt;(Cell.java:46)
	at com.badlogic.gdx.scenes.scene2d.ui.Cell.defaults(Cell.java:994)
	at com.badlogic.gdx.scenes.scene2d.ui.Cell.&lt;init&gt;(Cell.java:46)
	at com.badlogic.gdx.scenes.scene2d.ui.Cell.defaults(Cell.java:994)
[...]
	at com.badlogic.gdx.scenes.scene2d.ui.Cell.&lt;init&gt;(Cell.java:46)
	at com.badlogic.gdx.scenes.scene2d.ui.Cell.defaults(Cell.java:994)
	at com.badlogic.gdx.scenes.scene2d.ui.Cell.&lt;init&gt;(Cell.java:46)
	at com.badlogic.gdx.scenes.scene2d.ui.Cell.defaults(Cell.java:994)
	at com.badlogic.gdx.scenes.scene2d.ui.Cell.&lt;init&gt;(Cell.java:46)
	at com.badlogic.gdx.scenes.scene2d.ui.Cell.defaults(Cell.java:994)
	at com.badlogic.gdx.scenes.scene2d.ui.Cell.&lt;init&gt;(Cell.java:46)
	at com.badlogic.gdx.scenes.scene2d.ui.Cell.defaults(Cell.java:994)
	at com.badlogic.gdx.scenes.scene2d.ui.Cell.&lt;init&gt;(Cell.java:46)
	at com.badlogic.gdx.scenes.scene2d.ui.Cell.defaults(Cell.java:994)
	at com.badlogic.gdx.scenes.scene2d.ui.Cell.&lt;init&gt;(Cell.java:46)
	at com.badlogic.gdx.scenes.scene2d.ui.Cell.defaults(Cell.java:994)
	at com.badlogic.gdx.scenes.scene2d.ui.Cell.&lt;init&gt;(Cell.java:46)
	at com.badlogic.gdx.scenes.scene2d.ui.Cell.defaults(Cell.java:994)
	at com.badlogic.gdx.scenes.scene2d.ui.Cell.&lt;init&gt;(Cell.java:46)
	at com.badlogic.gdx.scenes.scene2d.ui.Cell.defaults(Cell.java:994)
	at com.badlogic.gdx.scenes.scene2d.ui.Cell.&lt;init&gt;(Cell.java:46)
	at com.badlogic.gdx.scenes.scene2d.ui.Cell.defaults(Cell.java:994)
	at com.badlogic.gdx.scenes.scene2d.ui.Cell.&lt;init&gt;(Cell.java:46)
	at com.badlogic.gdx.scenes.scene2d.ui.Cell.defaults(Cell.java:994)
	at com.badlogic.gdx.scenes.scene2d.ui.Cell.&lt;init&gt;(Cell.java:46)
	at com.badlogic.gdx.scenes.scene2d.ui.Cell.defaults(Cell.java:994)
	at com.badlogic.gdx.scenes.scene2d.ui.Cell.&lt;init&gt;(Cell.java:46)
	at com.badlogic.gdx.scenes.scene2d.ui.Cell.defaults(Cell.java:994)
	at com.badlogic.gdx.scenes.scene2d.ui.Cell.&lt;init&gt;(Cell.java:46)
	at com.badlogic.gdx.scenes.scene2d.ui.Cell.defaults(Cell.java:994)
	at com.badlogic.gdx.scenes.scene2d.ui.Cell.&lt;init&gt;(Cell.java:46)
	at com.badlogic.gdx.scenes.scene2d.ui.Cell.defaults(Cell.java:994)
	at com.badlogic.gdx.scenes.scene2d.ui.Cell.&lt;init&gt;(Cell.java:46)
	at com.badlogic.gdx.scenes.scene2d.ui.Cell.defaults(Cell.java:994)
	at com.badlogic.gdx.scenes.scene2d.ui.Cell.&lt;init&gt;(Cell.java:46)
	at com.badlogic.gdx.scenes.scene2d.ui.Cell.defaults(Cell.java:994)
	at com.badlogic.gdx.scenes.scene2d.ui.Cell.&lt;init&gt;(Cell.java:46)
	at com.badlogic.gdx.scenes.scene2d.ui.Cell.defaults(Cell.java:994)
	at com.badlogic.gdx.scenes.scene2d.ui.Cell.&lt;init&gt;(Cell.java:46)
	at com.badlogic.gdx.scenes.scene2d.ui.Cell.defaults(Cell.java:994)
	at com.badlogic.gdx.scenes.scene2d.ui.Cell.&lt;init&gt;(Cell.java:46)
	at com.badlogic.gdx.scenes.scene2d.ui.Cell.defaults(Cell.java:994)
	at com.badlogic.gdx.scenes.scene2d.ui.Cell.&lt;init&gt;(Cell.java:46)
	at com.badlogic.gdx.scenes.scene2d.ui.Cell.defaults(Cell.java:994)
	at com.badlogic.gdx.scenes.scene2d.ui.Cell.&lt;init&gt;(Cell.java:46)
	at com.badlogic.gdx.scenes.scene2d.ui.Cell.defaults(Cell.java:994)
	at com.badlogic.gdx.scenes.scene2d.ui.Cell.&lt;init&gt;(Cell.java:46)
	at com.badlogic.gdx.scenes.scene2d.ui.Cell.defaults(Cell.java:994)
	at com.badlogic.gdx.scenes.scene2d.ui.Cell.&lt;init&gt;(Cell.java:46)
	at com.badlogic.gdx.scenes.scene2d.ui.Cell.defaults(Cell.java:994)
	at com.badlogic.gdx.scenes.scene2d.ui.Cell.&lt;init&gt;(Cell.java:46)
	at com.badlogic.gdx.scenes.scene2d.ui.Cell.defaults(Cell.java:994)
	at com.badlogic.gdx.scenes.scene2d.ui.Cell.&lt;init&gt;(Cell.java:46)
	at com.badlogic.gdx.scenes.scene2d.ui.Cell.defaults(Cell.java:994)
	at com.badlogic.gdx.scenes.scene2d.ui.Cell.&lt;init&gt;(Cell.java:46)
	at com.badlogic.gdx.scenes.scene2d.ui.Cell.defaults(Cell.java:994)
	at com.badlogic.gdx.scenes.scene2d.ui.Cell.&lt;init&gt;(Cell.java:46)
	at com.badlogic.gdx.scenes.scene2d.ui.Cell.defaults(Cell.java:994)
	at com.badlogic.gdx.scenes.scene2d.ui.Cell.&lt;init&gt;(Cell.java:46)
	at com.badlogic.gdx.scenes.scene2d.ui.Cell.defaults(Cell.java:994)
	at com.badlogic.gdx.scenes.scene2d.ui.Cell.&lt;init&gt;(Cell.java:46)
	at com.badlogic.gdx.scenes.scene2d.ui.Cell.defaults(Cell.java:994)
	at com.badlogic.gdx.scenes.scene2d.ui.Cell.&lt;init&gt;(Cell.java:46)
	at com.badlogic.gdx.scenes.scene2d.ui.Cell.defaults(Cell.java:994)
	at com.badlogic.gdx.scenes.scene2d.ui.Cell.&lt;init&gt;(Cell.java:46)
	at com.badlogic.gdx.scenes.scene2d.ui.Cell.defaults(Cell.java:994)
	at com.badlogic.gdx.scenes.scene2d.ui.Cell.&lt;init&gt;(Cell.java:46)
	at com.badlogic.gdx.scenes.scene2d.ui.Cell.defaults(Cell.java:994)
	at com.badlogic.gdx.scenes.scene2d.ui.Cell.&lt;init&gt;(Cell.java:46)
	at com.badlogic.gdx.scenes.scene2d.ui.Cell.defaults(Cell.java:994)
	at com.badlogic.gdx.scenes.scene2d.ui.Cell.&lt;init&gt;(Cell.java:46)
	at com.badlogic.gdx.scenes.scene2d.ui.Cell.defaults(Cell.java:994)
	at com.badlogic.gdx.scenes.scene2d.ui.Cell.&lt;init&gt;(Cell.java:46)
	at com.badlogic.gdx.scenes.scene2d.ui.Cell.defaults(Cell.java:994)
	at com.badlogic.gdx.scenes.scene2d.ui.Cell.&lt;init&gt;(Cell.java:46)
	at com.badlogic.gdx.scenes.scene2d.ui.Cell.defaults(Cell.java:994)
	at com.badlogic.gdx.scenes.scene2d.ui.Cell.&lt;init&gt;(Cell.java:46)
	at com.badlogic.gdx.scenes.scene2d.ui.Cell.defaults(Cell.java:994)
	at com.badlogic.gdx.scenes.scene2d.ui.Cell.&lt;init&gt;(Cell.java:46)
	at com.badlogic.gdx.scenes.scene2d.ui.Cell.defaults(Cell.java:994)
	at com.badlogic.gdx.scenes.scene2d.ui.Cell.&lt;init&gt;(Cell.java:46)
	at com.badlogic.gdx.scenes.scene2d.ui.Cell.defaults(Cell.java:994)
	at com.badlogic.gdx.scenes.scene2d.ui.Cell.&lt;init&gt;(Cell.java:46)
	at com.badlogic.gdx.scenes.scene2d.ui.Cell.defaults(Cell.java:994)
	at com.badlogic.gdx.scenes.scene2d.ui.Cell.&lt;init&gt;(Cell.java:46)
	at com.badlogic.gdx.scenes.scene2d.ui.Cell.defaults(Cell.java:994)
	at com.badlogic.gdx.scenes.scene2d.ui.Cell.&lt;init&gt;(Cell.java:46)
	at com.badlogic.gdx.scenes.scene2d.ui.Cell.defaults(Cell.java:994)
	at com.badlogic.gdx.scenes.scene2d.ui.Cell.&lt;init&gt;(Cell.java:46)
	at com.badlogic.gdx.scenes.scene2d.ui.Cell.defaults(Cell.java:994)
	at com.badlogic.gdx.scenes.scene2d.ui.Cell.&lt;init&gt;(Cell.java:46)
	at com.badlogic.gdx.scenes.scene2d.ui.Cell.defaults(Cell.java:994)
	at com.badlogic.gdx.scenes.scene2d.ui.Cell.&lt;init&gt;(Cell.java:46)
	at com.badlogic.gdx.scenes.scene2d.ui.Cell.defaults(Cell.java:994)
	at com.badlogic.gdx.scenes.scene2d.ui.Cell.&lt;init&gt;(Cell.java:46)
	at com.badlogic.gdx.scenes.scene2d.ui.Cell.defaults(Cell.java:994)
	at com.badlogic.gdx.scenes.scene2d.ui.Cell.&lt;init&gt;(Cell.java:46)
	at com.badlogic.gdx.scenes.scene2d.ui.Cell.defaults(Cell.java:994)
	at com.badlogic.gdx.scenes.scene2d.ui.Cell.&lt;init&gt;(Cell.java:46)
	at com.badlogic.gdx.scenes.scene2d.ui.Cell.defaults(Cell.java:994)
	at com.badlogic.gdx.scenes.scene2d.ui.Cell.&lt;init&gt;(Cell.java:46)
	at com.badlogic.gdx.scenes.scene2d.ui.Cell.defaults(Cell.java:994)
	at com.badlogic.gdx.scenes.scene2d.ui.Cell.&lt;init&gt;(Cell.java:46)
	at com.badlogic.gdx.scenes.scene2d.ui.Cell.defaults(Cell.java:994)
	at com.badlogic.gdx.scenes.scene2d.ui.Cell.&lt;init&gt;(Cell.java:46)
	at com.badlogic.gdx.scenes.scene2d.ui.Cell.defaults(Cell.java:994)
	at com.badlogic.gdx.scenes.scene2d.ui.Cell.&lt;init&gt;(Cell.java:46)
	at com.badlogic.gdx.scenes.scene2d.ui.Cell.defaults(Cell.java:994)
	at com.badlogic.gdx.scenes.scene2d.ui.Cell.&lt;init&gt;(Cell.java:46)
	at com.badlogic.gdx.scenes.scene2d.ui.Cell.defaults(Cell.java:994)
	at com.badlogic.gdx.scenes.scene2d.ui.Cell.&lt;init&gt;(Cell.java:46)
	at com.badlogic.gdx.scenes.scene2d.ui.Cell.defaults(Cell.java:994)
	at com.badlogic.gdx.scenes.scene2d.ui.Cell.&lt;init&gt;(Cell.java:46)
	at com.badlogic.gdx.scenes.scene2d.ui.Cell.defaults(Cell.java:994)
	at com.badlogic.gdx.scenes.scene2d.ui.Cell.&lt;init&gt;(Cell.java:46)
	at com.badlogic.gdx.scenes.scene2d.ui.Cell.defaults(Cell.java:994)
	at com.badlogic.gdx.scenes.scene2d.ui.Cell.&lt;init&gt;(Cell.java:46)
	at com.badlogic.gdx.scenes.scene2d.ui.Cell.defaults(Cell.java:994)
	at com.badlogic.gdx.scenes.scene2d.ui.Cell.&lt;init&gt;(Cell.java:46)
	at com.badlogic.gdx.scenes.scene2d.ui.Cell.defaults(Cell.java:994)
	at com.badlogic.gdx.scenes.scene2d.ui.Cell.&lt;init&gt;(Cell.java:46)
	at com.badlogic.gdx.scenes.scene2d.ui.Cell.defaults(Cell.java:994)
	at com.badlogic.gdx.scenes.scene2d.ui.Cell.&lt;init&gt;(Cell.java:46)
	at com.badlogic.gdx.scenes.scene2d.ui.Cell.defaults(Cell.java:994)
	at com.badlogic.gdx.scenes.scene2d.ui.Cell.&lt;init&gt;(Cell.java:46)
	at com.badlogic.gdx.scenes.scene2d.ui.Cell.defaults(Cell.java:994)
	at com.badlogic.gdx.scenes.scene2d.ui.Cell.&lt;init&gt;(Cell.java:46)
	at com.badlogic.gdx.scenes.scene2d.ui.Cell.defaults(Cell.java:994)
	at com.badlogic.gdx.scenes.scene2d.ui.Cell.&lt;init&gt;(Cell.java:46)
	at com.badlogic.gdx.scenes.scene2d.ui.Cell.defaults(Cell.java:994)
	at com.badlogic.gdx.scenes.scene2d.ui.Cell.&lt;init&gt;(Cell.java:46)
	at com.badlogic.gdx.scenes.scene2d.ui.Cell.defaults(Cell.java:994)
	at com.badlogic.gdx.scenes.scene2d.ui.Cell.&lt;init&gt;(Cell.java:46)
	at com.badlogic.gdx.scenes.scene2d.ui.Cell.defaults(Cell.java:994)
	at com.badlogic.gdx.scenes.scene2d.ui.Cell.&lt;init&gt;(Cell.java:46)
	at com.badlogic.gdx.scenes.scene2d.ui.Cell.defaults(Cell.java:994)
	at com.badlogic.gdx.scenes.scene2d.ui.Cell.&lt;init&gt;(Cell.java:46)
	at com.badlogic.gdx.scenes.scene2d.ui.Cell.defaults(Cell.java:994)
	at com.badlogic.gdx.scenes.scene2d.ui.Cell.&lt;init&gt;(Cell.java:46)
	at com.badlogic.gdx.scenes.scene2d.ui.Cell.defaults(Cell.java:994)
	at com.badlogic.gdx.scenes.scene2d.ui.Cell.&lt;init&gt;(Cell.java:46)
	at com.badlogic.gdx.scenes.scene2d.ui.Cell.defaults(Cell.java:994)
	at com.badlogic.gdx.scenes.scene2d.ui.Cell.&lt;init&gt;(Cell.java:46)
	at com.badlogic.gdx.scenes.scene2d.ui.Cell.defaults(Cell.java:994)
	at com.badlogic.gdx.scenes.scene2d.ui.Cell.&lt;init&gt;(Cell.java:46)
	at com.badlogic.gdx.scenes.scene2d.ui.Cell.defaults(Cell.java:994)
	at com.badlogic.gdx.scenes.scene2d.ui.Cell.&lt;init&gt;(Cell.java:46)
	at com.badlogic.gdx.scenes.scene2d.ui.Cell.defaults(Cell.java:994)
	at com.badlogic.gdx.scenes.scene2d.ui.Cell.&lt;init&gt;(Cell.java:46)
	at com.badlogic.gdx.scenes.scene2d.ui.Cell.defaults(Cell.java:994)
	at com.badlogic.gdx.scenes.scene2d.ui.Cell.&lt;init&gt;(Cell.java:46)
	at com.badlogic.gdx.scenes.scene2d.ui.Cell.defaults(Cell.java:994)
	at com.badlogic.gdx.scenes.scene2d.ui.Cell.&lt;init&gt;(Cell.java:46)
	at com.badlogic.gdx.scenes.scene2d.ui.Cell.defaults(Cell.java:994)
	at com.badlogic.gdx.scenes.scene2d.ui.Cell.&lt;init&gt;(Cell.java:46)
	at com.badlogic.gdx.scenes.scene2d.ui.Cell.defaults(Cell.java:994)
	at com.badlogic.gdx.scenes.scene2d.ui.Cell.&lt;init&gt;(Cell.java:46)
	at com.badlogic.gdx.scenes.scene2d.ui.Cell.defaults(Cell.java:994)
	at com.badlogic.gdx.scenes.scene2d.ui.Cell.&lt;init&gt;(Cell.java:46)
	at com.badlogic.gdx.scenes.scene2d.ui.Cell.defaults(Cell.java:994)
	at com.badlogic.gdx.scenes.scene2d.ui.Cell.&lt;init&gt;(Cell.java:46)
	at com.badlogic.gdx.scenes.scene2d.ui.Cell.defaults(Cell.java:994)
	at com.badlogic.gdx.scenes.scene2d.ui.Cell.&lt;init&gt;(Cell.java:46)
	at com.badlogic.gdx.scenes.scene2d.ui.Cell.defaults(Cell.java:994)
	at com.badlogic.gdx.scenes.scene2d.ui.Cell.&lt;init&gt;(Cell.java:46)
	at com.badlogic.gdx.scenes.scene2d.ui.Cell.defaults(Cell.java:994)
	at com.badlogic.gdx.scenes.scene2d.ui.Cell.&lt;init&gt;(Cell.java:46)
	at com.badlogic.gdx.scenes.scene2d.ui.Cell.defaults(Cell.java:994)
	at com.badlogic.gdx.scenes.scene2d.ui.Cell.&lt;init&gt;(Cell.java:46)
	at com.badlogic.gdx.scenes.scene2d.ui.Cell.defaults(Cell.java:994)
	at com.badlogic.gdx.scenes.scene2d.ui.Cell.&lt;init&gt;(Cell.java:46)
	at com.badlogic.gdx.scenes.scene2d.ui.Cell.defaults(Cell.java:994)
	at com.badlogic.gdx.scenes.scene2d.ui.Cell.&lt;init&gt;(Cell.java:46)
	at com.badlogic.gdx.scenes.scene2d.ui.Cell.defaults(Cell.java:994)
	at com.badlogic.gdx.scenes.scene2d.ui.Cell.&lt;init&gt;(Cell.java:46)
	at com.badlogic.gdx.scenes.scene2d.ui.Cell.defaults(Cell.java:994)
	at com.badlogic.gdx.scenes.scene2d.ui.Cell.&lt;init&gt;(Cell.java:46)
	at com.badlogic.gdx.scenes.scene2d.ui.Cell.defaults(Cell.java:994)
	at com.badlogic.gdx.scenes.scene2d.ui.Cell.&lt;init&gt;(Cell.java:46)
	at com.badlogic.gdx.scenes.scene2d.ui.Cell.defaults(Cell.java:994)
	at com.badlogic.gdx.scenes.scene2d.ui.Cell.&lt;init&gt;(Cell.java:46)
	at com.badlogic.gdx.scenes.scene2d.ui.Cell.defaults(Cell.java:994)
	at com.badlogic.gdx.scenes.scene2d.ui.Cell.&lt;init&gt;(Cell.java:46)
	at com.badlogic.gdx.scenes.scene2d.ui.Cell.defaults(Cell.java:994)
	at com.badlogic.gdx.scenes.scene2d.ui.Cell.&lt;init&gt;(Cell.java:46)
	at com.badlogic.gdx.scenes.scene2d.ui.Cell.defaults(Cell.java:994)
	at com.badlogic.gdx.scenes.scene2d.ui.Cell.&lt;init&gt;(Cell.java:46)
	at com.badlogic.gdx.scenes.scene2d.ui.Cell.defaults(Cell.java:994)
	at com.badlogic.gdx.scenes.scene2d.ui.Cell.&lt;init&gt;(Cell.java:46)
	at com.badlogic.gdx.scenes.scene2d.ui.Cell.defaults(Cell.java:994)
	at com.badlogic.gdx.scenes.scene2d.ui.Cell.&lt;init&gt;(Cell.java:46)
	at com.badlogic.gdx.scenes.scene2d.ui.Cell.defaults(Cell.java:994)
	at com.badlogic.gdx.scenes.scene2d.ui.Cell.&lt;init&gt;(Cell.java:46)
	at com.badlogic.gdx.scenes.scene2d.ui.Cell.defaults(Cell.java:994)
	at com.badlogic.gdx.scenes.scene2d.ui.Cell.&lt;init&gt;(Cell.java:46)
	at com.badlogic.gdx.scenes.scene2d.ui.Cell.defaults(Cell.java:994)
	at com.badlogic.gdx.scenes.scene2d.ui.Cell.&lt;init&gt;(Cell.java:46)
	at com.badlogic.gdx.scenes.scene2d.ui.Cell.defaults(Cell.java:994)
	at com.badlogic.gdx.scenes.scene2d.ui.Cell.&lt;init&gt;(Cell.java:46)
	at com.badlogic.gdx.scenes.scene2d.ui.Cell.defaults(Cell.java:994)
	at com.badlogic.gdx.scenes.scene2d.ui.Cell.&lt;init&gt;(Cell.java:46)
	at com.badlogic.gdx.scenes.scene2d.ui.Cell.defaults(Cell.java:994)
	at com.badlogic.gdx.scenes.scene2d.ui.Cell.&lt;init&gt;(Cell.java:46)
	at com.badlogic.gdx.scenes.scene2d.ui.Cell.defaults(Cell.java:994)
	at com.badlogic.gdx.scenes.scene2d.ui.Cell.&lt;init&gt;(Cell.java:46)
	at com.badlogic.gdx.scenes.scene2d.ui.Cell.defaults(Cell.java:994)
	at com.badlogic.gdx.scenes.scene2d.ui.Cell.&lt;init&gt;(Cell.java:46)
	at com.badlogic.gdx.scenes.scene2d.ui.Cell.defaults(Cell.java:994)
	at com.badlogic.gdx.scenes.scene2d.ui.Cell.&lt;init&gt;(Cell.java:46)
	at com.badlogic.gdx.scenes.scene2d.ui.Cell.defaults(Cell.java:994)
	at com.badlogic.gdx.scenes.scene2d.ui.Cell.&lt;init&gt;(Cell.java:46)
	at com.badlogic.gdx.scenes.scene2d.ui.Cell.defaults(Cell.java:994)
	at com.badlogic.gdx.scenes.scene2d.ui.Cell.&lt;init&gt;(Cell.java:46)
	at com.badlogic.gdx.scenes.scene2d.ui.Cell.defaults(Cell.java:994)
	at com.badlogic.gdx.scenes.scene2d.ui.Cell.&lt;init&gt;(Cell.java:46)
	at com.badlogic.gdx.scenes.scene2d.ui.Cell.defaults(Cell.java:994)
	at com.badlogic.gdx.scenes.scene2d.ui.Cell.&lt;init&gt;(Cell.java:46)
	at com.badlogic.gdx.scenes.scene2d.ui.Cell.defaults(Cell.java:994)
	at com.badlogic.gdx.scenes.scene2d.ui.Cell.&lt;init&gt;(Cell.java:46)
	at com.badlogic.gdx.scenes.scene2d.ui.Cell.defaults(Cell.java:994)
	at com.badlogic.gdx.scenes.scene2d.ui.Cell.&lt;init&gt;(Cell.java:46)
	at com.badlogic.gdx.scenes.scene2d.ui.Cell.defaults(Cell.java:994)
	at com.badlogic.gdx.scenes.scene2d.ui.Cell.&lt;init&gt;(Cell.java:46)
	at com.badlogic.gdx.scenes.scene2d.ui.Cell.defaults(Cell.java:994)
	at com.badlogic.gdx.scenes.scene2d.ui.Cell.&lt;init&gt;(Cell.java:46)
	at com.badlogic.gdx.scenes.scene2d.ui.Cell.defaults(Cell.java:994)
	at com.badlogic.gdx.scenes.scene2d.ui.Cell.&lt;init&gt;(Cell.java:46)
	at com.badlogic.gdx.scenes.scene2d.ui.Cell.defaults(Cell.java:994)
	at com.badlogic.gdx.scenes.scene2d.ui.Cell.&lt;init&gt;(Cell.java:46)
	at com.badlogic.gdx.scenes.scene2d.ui.Cell.defaults(Cell.java:994)
	at com.badlogic.gdx.scenes.scene2d.ui.Cell.&lt;init&gt;(Cell.java:46)
	at com.badlogic.gdx.scenes.scene2d.ui.Cell.defaults(Cell.java:994)
	at com.badlogic.gdx.scenes.scene2d.ui.Cell.&lt;init&gt;(Cell.java:46)
	at com.badlogic.gdx.scenes.scene2d.ui.Cell.defaults(Cell.java:994)
	at com.badlogic.gdx.scenes.scene2d.ui.Cell.&lt;init&gt;(Cell.java:46)
	at com.badlogic.gdx.scenes.scene2d.ui.Cell.defaults(Cell.java:994)
	at com.badlogic.gdx.scenes.scene2d.ui.Cell.&lt;init&gt;(Cell.java:46)
	at com.badlogic.gdx.scenes.scene2d.ui.Cell.defaults(Cell.java:994)
	at com.badlogic.gdx.scenes.scene2d.ui.Cell.&lt;init&gt;(Cell.java:46)
	at com.badlogic.gdx.scenes.scene2d.ui.Cell.defaults(Cell.java:994)
	at com.badlogic.gdx.scenes.scene2d.ui.Cell.&lt;init&gt;(Cell.java:46)
	at com.badlogic.gdx.scenes.scene2d.ui.Cell.defaults(Cell.java:994)
	at com.badlogic.gdx.scenes.scene2d.ui.Cell.&lt;init&gt;(Cell.java:46)
	at com.badlogic.gdx.scenes.scene2d.ui.Cell.defaults(Cell.java:994)
	at com.badlogic.gdx.scenes.scene2d.ui.Cell.&lt;init&gt;(Cell.java:46)
	at com.badlogic.gdx.scenes.scene2d.ui.Cell.defaults(Cell.java:994)
	at com.badlogic.gdx.scenes.scene2d.ui.Cell.&lt;init&gt;(Cell.java:46)
	at com.badlogic.gdx.scenes.scene2d.ui.Cell.defaults(Cell.java:994)
	at com.badlogic.gdx.scenes.scene2d.ui.Cell.&lt;init&gt;(Cell.java:46)
	at com.badlogic.gdx.scenes.scene2d.ui.Cell.defaults(Cell.java:994)
	at com.badlogic.gdx.scenes.scene2d.ui.Cell.&lt;init&gt;(Cell.java:46)
	at com.badlogic.gdx.scenes.scene2d.ui.Cell.defaults(Cell.java:994)
	at com.badlogic.gdx.scenes.scene2d.ui.Cell.&lt;init&gt;(Cell.java:46)
	at com.badlogic.gdx.scenes.scene2d.ui.Cell.defaults(Cell.java:994)
	at com.badlogic.gdx.scenes.scene2d.ui.Cell.&lt;init&gt;(Cell.java:46)
	at com.badlogic.gdx.scenes.scene2d.ui.Cell.defaults(Cell.java:994)
	at com.badlogic.gdx.scenes.scene2d.ui.Cell.&lt;init&gt;(Cell.java:46)
	at com.badlogic.gdx.scenes.scene2d.ui.Cell.defaults(Cell.java:994)
	at com.badlogic.gdx.scenes.scene2d.ui.Cell.&lt;init&gt;(Cell.java:46)
	at com.badlogic.gdx.scenes.scene2d.ui.Cell.defaults(Cell.java:994)
	at com.badlogic.gdx.scenes.scene2d.ui.Cell.&lt;init&gt;(Cell.java:46)
	at com.badlogic.gdx.scenes.scene2d.ui.Cell.defaults(Cell.java:994)
	at com.badlogic.gdx.scenes.scene2d.ui.Cell.&lt;init&gt;(Cell.java:46)
	at com.badlogic.gdx.scenes.scene2d.ui.Cell.defaults(Cell.java:994)
	at com.badlogic.gdx.scenes.scene2d.ui.Cell.&lt;init&gt;(Cell.java:46)
	at com.badlogic.gdx.scenes.scene2d.ui.Cell.defaults(Cell.java:994)
	at com.badlogic.gdx.scenes.scene2d.ui.Cell.&lt;init&gt;(Cell.java:46)
	at com.badlogic.gdx.scenes.scene2d.ui.Cell.defaults(Cell.java:994)
	at com.badlogic.gdx.scenes.scene2d.ui.Cell.&lt;init&gt;(Cell.java:46)
	at com.badlogic.gdx.scenes.scene2d.ui.Cell.defaults(Cell.java:994)
	at com.badlogic.gdx.scenes.scene2d.ui.Cell.&lt;init&gt;(Cell.java:46)
	at com.badlogic.gdx.scenes.scene2d.ui.Cell.defaults(Cell.java:994)
	at com.badlogic.gdx.scenes.scene2d.ui.Cell.&lt;init&gt;(Cell.java:46)
	at com.badlogic.gdx.scenes.scene2d.ui.Cell.defaults(Cell.java:994)
	at com.badlogic.gdx.scenes.scene2d.ui.Cell.&lt;init&gt;(Cell.java:46)
	at com.badlogic.gdx.scenes.scene2d.ui.Cell.defaults(Cell.java:994)
	at com.badlogic.gdx.scenes.scene2d.ui.Cell.&lt;init&gt;(Cell.java:46)
	at com.badlogic.gdx.scenes.scene2d.ui.Cell.defaults(Cell.java:994)
	at com.badlogic.gdx.scenes.scene2d.ui.Cell.&lt;init&gt;(Cell.java:46)
	at com.badlogic.gdx.scenes.scene2d.ui.Cell.defaults(Cell.java:994)
	at com.badlogic.gdx.scenes.scene2d.ui.Cell.&lt;init&gt;(Cell.java:46)
	at com.badlogic.gdx.scenes.scene2d.ui.Cell.defaults(Cell.java:994)
</failure>
  </testcase>
  <system-out><![CDATA[]]></system-out>
  <system-err><![CDATA[WARNING: A Java agent has been loaded dynamically (/Users/kris/.gradle/caches/modules-2/files-2.1/net.bytebuddy/byte-buddy-agent/1.14.15/b4cc9d88d5de562bf75b3a54ab436ad01b3f72d/byte-buddy-agent-1.14.15.jar)
WARNING: If a serviceability tool is in use, please run with -XX:+EnableDynamicAgentLoading to hide this warning
WARNING: If a serviceability tool is not in use, please run with -Djdk.instrument.traceUsage for more information
WARNING: Dynamic loading of agents will be disallowed by default in a future release
]]></system-err>
</testsuite>
